pass: 0, sub_pass: 0 -> 0
pass: 0, sub_pass: 1 -> 1
pass: 0, sub_pass: 2 -> 2
pass: 0, sub_pass: 3 -> 3
pass: 0, sub_pass: 4 -> 4
pass: 0, sub_pass: 5 -> 5
pass: 0, sub_pass: 6 -> 6
pass: 0, sub_pass: 7 -> 7
pass: 0, sub_pass: 8 -> 8
pass: 0, sub_pass: 9 -> 9
pass: 0, sub_pass: 10 -> 10
pass: 0, sub_pass: 11 -> 11
pass: 0, sub_pass: 12 -> 12
pass: 0, sub_pass: 13 -> 13
pass: 0, sub_pass: 14 -> 14
pass: 0, sub_pass: 15 -> 15
pass: 0, sub_pass: 16 -> 16
pass: 0, sub_pass: 17 -> 17
pass: 0, sub_pass: 18 -> 18
pass: 0, sub_pass: 19 -> 19
pass: 0, sub_pass: 20 -> 20
pass: 0, sub_pass: 21 -> 21
pass: 0, sub_pass: 22 -> 22
pass: 0, sub_pass: 23 -> 23
pass: 0, sub_pass: 24 -> 24
pass: 0, sub_pass: 25 -> 25
pass: 0, sub_pass: 26 -> 26
pass: 0, sub_pass: 27 -> 27
pass: 0, sub_pass: 28 -> 28
pass: 0, sub_pass: 29 -> 29
pass: 0, sub_pass: 30 -> 30
pass: 0, sub_pass: 31 -> 31
pass: 0, sub_pass: 32 -> 32
pass: 0, sub_pass: 33 -> 33
pass: 0, sub_pass: 34 -> 34
pass: 0, sub_pass: 35 -> 35
pass: 0, sub_pass: 36 -> 36
pass: 0, sub_pass: 37 -> 37
pass: 0, sub_pass: 38 -> 38
pass: 0, sub_pass: 39 -> 39
pass: 0, sub_pass: 40 -> 40
pass: 0, sub_pass: 41 -> 41
pass: 0, sub_pass: 42 -> 42
pass: 0, sub_pass: 43 -> 43
pass: 0, sub_pass: 44 -> 44
pass: 0, sub_pass: 45 -> 45
pass: 0, sub_pass: 46 -> 46
pass: 0, sub_pass: 47 -> 47
pass: 0, sub_pass: 48 -> 48
pass: 0, sub_pass: 49 -> 49
pass: 0, sub_pass: 50 -> 50
pass: 0, sub_pass: 51 -> 51
pass: 0, sub_pass: 52 -> 52
pass: 0, sub_pass: 53 -> 53
pass: 0, sub_pass: 54 -> 54
pass: 0, sub_pass: 55 -> 55
pass: 0, sub_pass: 56 -> 56
pass: 0, sub_pass: 57 -> 57
pass: 0, sub_pass: 58 -> 58
pass: 0, sub_pass: 59 -> 59
pass: 0, sub_pass: 60 -> 60
pass: 0, sub_pass: 61 -> 61
pass: 0, sub_pass: 62 -> 62
pass: 0, sub_pass: 63 -> 63
pass: 0, sub_pass: 64 -> 64
pass: 0, sub_pass: 65 -> 65
pass: 0, sub_pass: 66 -> 66
pass: 0, sub_pass: 67 -> 67
pass: 0, sub_pass: 68 -> 68
pass: 0, sub_pass: 69 -> 69
pass: 0, sub_pass: 70 -> 70
pass: 0, sub_pass: 71 -> 71
pass: 0, sub_pass: 72 -> 72
pass: 0, sub_pass: 73 -> 73
pass: 0, sub_pass: 74 -> 74
pass: 0, sub_pass: 75 -> 75
pass: 0, sub_pass: 76 -> 76
pass: 0, sub_pass: 77 -> 77
pass: 0, sub_pass: 78 -> 78
pass: 0, sub_pass: 79 -> 79
pass: 0, sub_pass: 80 -> 80
pass: 0, sub_pass: 81 -> 81
pass: 0, sub_pass: 82 -> 82
pass: 0, sub_pass: 83 -> 83
pass: 0, sub_pass: 84 -> 84
pass: 0, sub_pass: 85 -> 85
pass: 0, sub_pass: 86 -> 86
pass: 0, sub_pass: 87 -> 87
pass: 0, sub_pass: 88 -> 88
pass: 0, sub_pass: 89 -> 89
pass: 0, sub_pass: 90 -> 90
pass: 0, sub_pass: 91 -> 91
pass: 0, sub_pass: 92 -> 92
pass: 0, sub_pass: 93 -> 93
pass: 0, sub_pass: 94 -> 94
pass: 0, sub_pass: 95 -> 95
pass: 0, sub_pass: 96 -> 96
pass: 0, sub_pass: 97 -> 97
pass: 0, sub_pass: 98 -> 98
pass: 0, sub_pass: 99 -> 99
pass: 0, sub_pass: 100 -> 100
pass: 0, sub_pass: 101 -> 101
pass: 0, sub_pass: 102 -> 102
pass: 0, sub_pass: 103 -> 103
pass: 0, sub_pass: 104 -> 104
pass: 0, sub_pass: 105 -> 105
pass: 0, sub_pass: 106 -> 106
pass: 0, sub_pass: 107 -> 107
pass: 0, sub_pass: 108 -> 108
pass: 0, sub_pass: 109 -> 109
pass: 0, sub_pass: 110 -> 110
pass: 0, sub_pass: 111 -> 111
pass: 0, sub_pass: 112 -> 112
pass: 0, sub_pass: 113 -> 113
pass: 0, sub_pass: 114 -> 114
pass: 0, sub_pass: 115 -> 115
pass: 0, sub_pass: 116 -> 116
pass: 0, sub_pass: 117 -> 117
pass: 0, sub_pass: 118 -> 118
pass: 0, sub_pass: 119 -> 119
pass: 0, sub_pass: 120 -> 120
pass: 0, sub_pass: 121 -> 121
pass: 0, sub_pass: 122 -> 122
pass: 0, sub_pass: 123 -> 123
pass: 0, sub_pass: 124 -> 124
pass: 0, sub_pass: 125 -> 125
pass: 0, sub_pass: 126 -> 126
pass: 0, sub_pass: 127 -> 127
pass: 0, sub_pass: 128 -> 128
pass: 0, sub_pass: 129 -> 129
pass: 0, sub_pass: 130 -> 130
pass: 0, sub_pass: 131 -> 131
pass: 0, sub_pass: 132 -> 132
pass: 0, sub_pass: 133 -> 133
pass: 0, sub_pass: 134 -> 134
pass: 0, sub_pass: 135 -> 135
pass: 0, sub_pass: 136 -> 136
pass: 0, sub_pass: 137 -> 137
pass: 0, sub_pass: 138 -> 138
pass: 0, sub_pass: 139 -> 139
pass: 0, sub_pass: 140 -> 140
pass: 0, sub_pass: 141 -> 141
pass: 0, sub_pass: 142 -> 142
pass: 0, sub_pass: 143 -> 143
pass: 0, sub_pass: 144 -> 144
pass: 0, sub_pass: 145 -> 145
pass: 0, sub_pass: 146 -> 146
pass: 0, sub_pass: 147 -> 147
pass: 0, sub_pass: 148 -> 148
pass: 0, sub_pass: 149 -> 149
pass: 0, sub_pass: 150 -> 150
pass: 0, sub_pass: 151 -> 151
pass: 0, sub_pass: 152 -> 152
pass: 0, sub_pass: 153 -> 153
pass: 0, sub_pass: 154 -> 154
pass: 0, sub_pass: 155 -> 155
pass: 0, sub_pass: 156 -> 156
pass: 0, sub_pass: 157 -> 157
pass: 0, sub_pass: 158 -> 158
pass: 0, sub_pass: 159 -> 159
pass: 0, sub_pass: 160 -> 160
pass: 0, sub_pass: 161 -> 161
pass: 0, sub_pass: 162 -> 162
pass: 0, sub_pass: 163 -> 163
pass: 0, sub_pass: 164 -> 164
pass: 0, sub_pass: 165 -> 165
pass: 0, sub_pass: 166 -> 166
pass: 0, sub_pass: 167 -> 167
pass: 0, sub_pass: 168 -> 168
pass: 0, sub_pass: 169 -> 169
pass: 0, sub_pass: 170 -> 170
pass: 0, sub_pass: 171 -> 171
pass: 0, sub_pass: 172 -> 172
pass: 0, sub_pass: 173 -> 173
pass: 0, sub_pass: 174 -> 174
pass: 0, sub_pass: 175 -> 175
pass: 0, sub_pass: 176 -> 176
pass: 0, sub_pass: 177 -> 177
pass: 0, sub_pass: 178 -> 178
pass: 0, sub_pass: 179 -> 179
pass: 0, sub_pass: 180 -> 180
pass: 0, sub_pass: 181 -> 181
pass: 0, sub_pass: 182 -> 182
pass: 0, sub_pass: 183 -> 183
pass: 0, sub_pass: 184 -> 184
pass: 0, sub_pass: 185 -> 185
pass: 0, sub_pass: 186 -> 186
pass: 0, sub_pass: 187 -> 187
pass: 0, sub_pass: 188 -> 188
pass: 0, sub_pass: 189 -> 189
pass: 0, sub_pass: 190 -> 190
pass: 0, sub_pass: 191 -> 191
pass: 0, sub_pass: 192 -> 192
pass: 0, sub_pass: 193 -> 193
