pass: 0, sub_pass: 0 -> 0
pass: 0, sub_pass: 1 -> 1
pass: 0, sub_pass: 2 -> 2
pass: 0, sub_pass: 3 -> 3
pass: 0, sub_pass: 4 -> 4
pass: 0, sub_pass: 5 -> 5
pass: 0, sub_pass: 6 -> 6
pass: 0, sub_pass: 7 -> 7
pass: 0, sub_pass: 8 -> 8
pass: 0, sub_pass: 9 -> 9
pass: 0, sub_pass: 10 -> 10
pass: 0, sub_pass: 11 -> 11
pass: 0, sub_pass: 12 -> 12
pass: 0, sub_pass: 13 -> 13
pass: 0, sub_pass: 14 -> 14
pass: 0, sub_pass: 15 -> 15
pass: 0, sub_pass: 16 -> 16
pass: 0, sub_pass: 17 -> 17
pass: 0, sub_pass: 18 -> 18
pass: 0, sub_pass: 19 -> 19
pass: 0, sub_pass: 20 -> 20
pass: 0, sub_pass: 21 -> 21
pass: 0, sub_pass: 22 -> 22
pass: 0, sub_pass: 23 -> 23
pass: 0, sub_pass: 24 -> 24
pass: 0, sub_pass: 25 -> 25
pass: 0, sub_pass: 26 -> 26
pass: 0, sub_pass: 27 -> 27
pass: 0, sub_pass: 28 -> 28
pass: 0, sub_pass: 29 -> 29
pass: 0, sub_pass: 30 -> 30
pass: 0, sub_pass: 31 -> 31
pass: 0, sub_pass: 32 -> 32
pass: 0, sub_pass: 33 -> 33
pass: 0, sub_pass: 34 -> 34
pass: 0, sub_pass: 35 -> 35
pass: 0, sub_pass: 36 -> 36
pass: 0, sub_pass: 37 -> 37
pass: 0, sub_pass: 38 -> 38
pass: 0, sub_pass: 39 -> 39
pass: 0, sub_pass: 40 -> 40
pass: 0, sub_pass: 41 -> 41
pass: 0, sub_pass: 42 -> 42
pass: 0, sub_pass: 43 -> 43
pass: 0, sub_pass: 44 -> 44
pass: 0, sub_pass: 45 -> 45
pass: 0, sub_pass: 46 -> 46
pass: 0, sub_pass: 47 -> 47
pass: 0, sub_pass: 48 -> 48
pass: 0, sub_pass: 49 -> 49
pass: 0, sub_pass: 50 -> 50
pass: 0, sub_pass: 51 -> 51
pass: 0, sub_pass: 52 -> 52
pass: 0, sub_pass: 53 -> 53
pass: 0, sub_pass: 54 -> 54
pass: 0, sub_pass: 55 -> 55
pass: 0, sub_pass: 56 -> 56
pass: 0, sub_pass: 57 -> 57
pass: 0, sub_pass: 58 -> 58
pass: 0, sub_pass: 59 -> 59
pass: 0, sub_pass: 60 -> 60
pass: 0, sub_pass: 61 -> 61
pass: 0, sub_pass: 62 -> 62
pass: 0, sub_pass: 63 -> 63
pass: 0, sub_pass: 64 -> 64
pass: 0, sub_pass: 65 -> 65
pass: 0, sub_pass: 66 -> 66
pass: 0, sub_pass: 67 -> 67
pass: 0, sub_pass: 68 -> 68
pass: 0, sub_pass: 69 -> 69
pass: 0, sub_pass: 70 -> 70
pass: 0, sub_pass: 71 -> 71
pass: 0, sub_pass: 72 -> 72
pass: 0, sub_pass: 73 -> 73
pass: 0, sub_pass: 74 -> 74
pass: 0, sub_pass: 75 -> 75
pass: 0, sub_pass: 76 -> 76
pass: 0, sub_pass: 77 -> 77
pass: 0, sub_pass: 78 -> 78
pass: 0, sub_pass: 79 -> 79
pass: 0, sub_pass: 80 -> 80
pass: 0, sub_pass: 81 -> 81
pass: 0, sub_pass: 82 -> 82
pass: 0, sub_pass: 83 -> 83
pass: 0, sub_pass: 84 -> 84
pass: 0, sub_pass: 85 -> 85
pass: 0, sub_pass: 86 -> 86
pass: 0, sub_pass: 87 -> 87
pass: 0, sub_pass: 88 -> 88
pass: 0, sub_pass: 89 -> 89
pass: 0, sub_pass: 90 -> 90
pass: 0, sub_pass: 91 -> 91
pass: 0, sub_pass: 92 -> 92
pass: 0, sub_pass: 93 -> 93
pass: 0, sub_pass: 94 -> 94
pass: 0, sub_pass: 95 -> 95
pass: 0, sub_pass: 96 -> 96
pass: 0, sub_pass: 97 -> 97
pass: 0, sub_pass: 98 -> 98
pass: 0, sub_pass: 99 -> 99
pass: 0, sub_pass: 100 -> 100
pass: 0, sub_pass: 101 -> 101
pass: 0, sub_pass: 102 -> 102
pass: 0, sub_pass: 103 -> 103
pass: 0, sub_pass: 104 -> 104
pass: 0, sub_pass: 105 -> 105
pass: 0, sub_pass: 106 -> 106
pass: 0, sub_pass: 107 -> 107
pass: 0, sub_pass: 108 -> 108
pass: 0, sub_pass: 109 -> 109
pass: 0, sub_pass: 110 -> 110
pass: 0, sub_pass: 111 -> 111
pass: 0, sub_pass: 112 -> 112
pass: 0, sub_pass: 113 -> 113
pass: 0, sub_pass: 114 -> 114
pass: 0, sub_pass: 115 -> 115
pass: 0, sub_pass: 116 -> 116
pass: 0, sub_pass: 117 -> 117
pass: 0, sub_pass: 118 -> 118
pass: 0, sub_pass: 119 -> 119
pass: 0, sub_pass: 120 -> 120
pass: 0, sub_pass: 121 -> 121
pass: 0, sub_pass: 122 -> 122
pass: 0, sub_pass: 123 -> 123
pass: 0, sub_pass: 124 -> 124
pass: 0, sub_pass: 125 -> 125
pass: 0, sub_pass: 126 -> 126
pass: 0, sub_pass: 127 -> 127
pass: 0, sub_pass: 128 -> 128
pass: 0, sub_pass: 129 -> 129
pass: 0, sub_pass: 130 -> 130
pass: 0, sub_pass: 131 -> 131
pass: 0, sub_pass: 132 -> 132
pass: 0, sub_pass: 133 -> 133
pass: 0, sub_pass: 134 -> 134
pass: 0, sub_pass: 135 -> 135
pass: 0, sub_pass: 136 -> 136
pass: 0, sub_pass: 137 -> 137
pass: 0, sub_pass: 138 -> 138
pass: 0, sub_pass: 139 -> 139
pass: 0, sub_pass: 140 -> 140
pass: 0, sub_pass: 141 -> 141
pass: 0, sub_pass: 142 -> 142
pass: 0, sub_pass: 143 -> 143
pass: 0, sub_pass: 144 -> 144
pass: 0, sub_pass: 145 -> 145
pass: 0, sub_pass: 146 -> 146
pass: 0, sub_pass: 147 -> 147
pass: 0, sub_pass: 148 -> 148
pass: 0, sub_pass: 149 -> 149
pass: 0, sub_pass: 150 -> 150
pass: 0, sub_pass: 151 -> 151
pass: 0, sub_pass: 152 -> 152
pass: 0, sub_pass: 153 -> 153
pass: 0, sub_pass: 154 -> 154
pass: 0, sub_pass: 155 -> 155
pass: 0, sub_pass: 156 -> 156
pass: 0, sub_pass: 157 -> 157
pass: 0, sub_pass: 158 -> 158
pass: 0, sub_pass: 159 -> 159
pass: 0, sub_pass: 160 -> 160
pass: 0, sub_pass: 161 -> 161
pass: 0, sub_pass: 162 -> 162
pass: 0, sub_pass: 163 -> 163
pass: 0, sub_pass: 164 -> 164
pass: 0, sub_pass: 165 -> 165
pass: 0, sub_pass: 166 -> 166
pass: 0, sub_pass: 167 -> 167
pass: 0, sub_pass: 168 -> 168
pass: 0, sub_pass: 169 -> 169
pass: 0, sub_pass: 170 -> 170
pass: 0, sub_pass: 171 -> 171
pass: 0, sub_pass: 172 -> 172
pass: 0, sub_pass: 173 -> 173
pass: 0, sub_pass: 174 -> 174
pass: 0, sub_pass: 175 -> 175
pass: 0, sub_pass: 176 -> 176
pass: 0, sub_pass: 177 -> 177
pass: 0, sub_pass: 178 -> 178
pass: 0, sub_pass: 179 -> 179
pass: 0, sub_pass: 180 -> 180
pass: 0, sub_pass: 181 -> 181
pass: 0, sub_pass: 182 -> 182
pass: 0, sub_pass: 183 -> 183
pass: 0, sub_pass: 184 -> 184
pass: 0, sub_pass: 185 -> 185
pass: 0, sub_pass: 186 -> 186
pass: 0, sub_pass: 187 -> 187
pass: 0, sub_pass: 188 -> 188
pass: 0, sub_pass: 189 -> 189
pass: 0, sub_pass: 190 -> 190
pass: 0, sub_pass: 191 -> 191
pass: 0, sub_pass: 192 -> 192
pass: 0, sub_pass: 193 -> 193
pass: 0, sub_pass: 194 -> 194
pass: 0, sub_pass: 195 -> 195
pass: 0, sub_pass: 196 -> 196
pass: 0, sub_pass: 197 -> 197
pass: 0, sub_pass: 198 -> 198
pass: 0, sub_pass: 199 -> 199
pass: 0, sub_pass: 200 -> 200
pass: 0, sub_pass: 201 -> 201
pass: 0, sub_pass: 202 -> 202
pass: 0, sub_pass: 203 -> 203
pass: 0, sub_pass: 204 -> 204
pass: 0, sub_pass: 205 -> 205
pass: 0, sub_pass: 206 -> 206
pass: 0, sub_pass: 207 -> 207
pass: 0, sub_pass: 208 -> 208
pass: 0, sub_pass: 209 -> 209
pass: 0, sub_pass: 210 -> 210
pass: 0, sub_pass: 211 -> 211
pass: 0, sub_pass: 212 -> 212
pass: 0, sub_pass: 213 -> 213
pass: 0, sub_pass: 214 -> 214
pass: 0, sub_pass: 215 -> 215
pass: 0, sub_pass: 216 -> 216
pass: 0, sub_pass: 217 -> 217
pass: 0, sub_pass: 218 -> 218
pass: 0, sub_pass: 219 -> 219
pass: 0, sub_pass: 220 -> 220
pass: 0, sub_pass: 221 -> 221
pass: 0, sub_pass: 222 -> 222
pass: 0, sub_pass: 223 -> 223
pass: 0, sub_pass: 224 -> 224
pass: 0, sub_pass: 225 -> 225
pass: 0, sub_pass: 226 -> 226
pass: 0, sub_pass: 227 -> 227
pass: 0, sub_pass: 228 -> 228
pass: 0, sub_pass: 229 -> 229
pass: 0, sub_pass: 230 -> 230
pass: 0, sub_pass: 231 -> 231
pass: 0, sub_pass: 232 -> 232
pass: 0, sub_pass: 233 -> 233
pass: 0, sub_pass: 234 -> 234
pass: 0, sub_pass: 235 -> 235
pass: 0, sub_pass: 236 -> 236
pass: 0, sub_pass: 237 -> 237
pass: 0, sub_pass: 238 -> 238
pass: 0, sub_pass: 239 -> 239
pass: 0, sub_pass: 240 -> 240
pass: 0, sub_pass: 241 -> 241
pass: 0, sub_pass: 242 -> 242
pass: 0, sub_pass: 243 -> 243
pass: 0, sub_pass: 244 -> 244
pass: 0, sub_pass: 245 -> 245
pass: 0, sub_pass: 246 -> 246
pass: 0, sub_pass: 247 -> 247
pass: 0, sub_pass: 248 -> 248
pass: 0, sub_pass: 249 -> 249
pass: 0, sub_pass: 250 -> 250
pass: 0, sub_pass: 251 -> 251
pass: 0, sub_pass: 252 -> 252
pass: 0, sub_pass: 253 -> 253
pass: 0, sub_pass: 254 -> 254
pass: 0, sub_pass: 255 -> 255
pass: 0, sub_pass: 256 -> 256
pass: 0, sub_pass: 257 -> 257
pass: 0, sub_pass: 258 -> 258
pass: 0, sub_pass: 259 -> 259
pass: 0, sub_pass: 260 -> 260
pass: 0, sub_pass: 261 -> 261
pass: 0, sub_pass: 262 -> 262
pass: 0, sub_pass: 263 -> 263
pass: 0, sub_pass: 264 -> 264
pass: 0, sub_pass: 265 -> 265
pass: 0, sub_pass: 266 -> 266
pass: 0, sub_pass: 267 -> 267
pass: 0, sub_pass: 268 -> 268
pass: 0, sub_pass: 269 -> 269
pass: 0, sub_pass: 270 -> 270
pass: 0, sub_pass: 271 -> 271
pass: 0, sub_pass: 272 -> 272
pass: 0, sub_pass: 273 -> 273
pass: 0, sub_pass: 274 -> 274
pass: 0, sub_pass: 275 -> 275
pass: 0, sub_pass: 276 -> 276
pass: 0, sub_pass: 277 -> 277
pass: 0, sub_pass: 278 -> 278
pass: 0, sub_pass: 279 -> 279
pass: 0, sub_pass: 280 -> 280
pass: 0, sub_pass: 281 -> 281
pass: 0, sub_pass: 282 -> 282
pass: 0, sub_pass: 283 -> 283
pass: 0, sub_pass: 284 -> 284
pass: 0, sub_pass: 285 -> 285
pass: 0, sub_pass: 286 -> 286
pass: 0, sub_pass: 287 -> 287
pass: 0, sub_pass: 288 -> 288
pass: 0, sub_pass: 289 -> 289
pass: 0, sub_pass: 290 -> 290
pass: 0, sub_pass: 291 -> 291
pass: 0, sub_pass: 292 -> 292
pass: 0, sub_pass: 293 -> 293
pass: 0, sub_pass: 294 -> 294
pass: 0, sub_pass: 295 -> 295
pass: 0, sub_pass: 296 -> 296
pass: 0, sub_pass: 297 -> 297
pass: 0, sub_pass: 298 -> 298
pass: 0, sub_pass: 299 -> 299
pass: 0, sub_pass: 300 -> 300
pass: 0, sub_pass: 301 -> 301
pass: 0, sub_pass: 302 -> 302
pass: 0, sub_pass: 303 -> 303
pass: 0, sub_pass: 304 -> 304
pass: 0, sub_pass: 305 -> 305
pass: 0, sub_pass: 306 -> 306
pass: 0, sub_pass: 307 -> 307
pass: 0, sub_pass: 308 -> 308
pass: 0, sub_pass: 309 -> 309
pass: 0, sub_pass: 310 -> 310
pass: 0, sub_pass: 311 -> 311
pass: 0, sub_pass: 312 -> 312
pass: 0, sub_pass: 313 -> 313
pass: 0, sub_pass: 314 -> 314
pass: 0, sub_pass: 315 -> 315
pass: 0, sub_pass: 316 -> 316
pass: 0, sub_pass: 317 -> 317
pass: 0, sub_pass: 318 -> 318
pass: 0, sub_pass: 319 -> 319
pass: 0, sub_pass: 320 -> 320
pass: 0, sub_pass: 321 -> 321
pass: 0, sub_pass: 322 -> 322
pass: 0, sub_pass: 323 -> 323
pass: 0, sub_pass: 324 -> 324
pass: 0, sub_pass: 325 -> 325
pass: 0, sub_pass: 326 -> 326
pass: 0, sub_pass: 327 -> 327
pass: 0, sub_pass: 328 -> 328
pass: 0, sub_pass: 329 -> 329
pass: 0, sub_pass: 330 -> 330
pass: 0, sub_pass: 331 -> 331
pass: 0, sub_pass: 332 -> 332
pass: 0, sub_pass: 333 -> 333
pass: 0, sub_pass: 334 -> 334
pass: 0, sub_pass: 335 -> 335
pass: 0, sub_pass: 336 -> 336
pass: 0, sub_pass: 337 -> 337
pass: 0, sub_pass: 338 -> 338
pass: 0, sub_pass: 339 -> 339
pass: 0, sub_pass: 340 -> 340
pass: 0, sub_pass: 341 -> 341
pass: 0, sub_pass: 342 -> 342
pass: 0, sub_pass: 343 -> 343
pass: 0, sub_pass: 344 -> 344
pass: 0, sub_pass: 345 -> 345
pass: 0, sub_pass: 346 -> 346
pass: 0, sub_pass: 347 -> 347
pass: 0, sub_pass: 348 -> 348
pass: 0, sub_pass: 349 -> 349
pass: 0, sub_pass: 350 -> 350
pass: 0, sub_pass: 351 -> 351
pass: 0, sub_pass: 352 -> 352
pass: 0, sub_pass: 353 -> 353
pass: 0, sub_pass: 354 -> 354
pass: 0, sub_pass: 355 -> 355
pass: 0, sub_pass: 356 -> 356
pass: 0, sub_pass: 357 -> 357
pass: 0, sub_pass: 358 -> 358
pass: 0, sub_pass: 359 -> 359
pass: 0, sub_pass: 360 -> 360
pass: 0, sub_pass: 361 -> 361
pass: 0, sub_pass: 362 -> 362
pass: 0, sub_pass: 363 -> 363
pass: 0, sub_pass: 364 -> 364
pass: 0, sub_pass: 365 -> 365
pass: 0, sub_pass: 366 -> 366
pass: 0, sub_pass: 367 -> 367
pass: 0, sub_pass: 368 -> 368
pass: 0, sub_pass: 369 -> 369
pass: 0, sub_pass: 370 -> 370
pass: 0, sub_pass: 371 -> 371
pass: 0, sub_pass: 372 -> 372
pass: 0, sub_pass: 373 -> 373
pass: 0, sub_pass: 374 -> 374
pass: 0, sub_pass: 375 -> 375
pass: 0, sub_pass: 376 -> 376
pass: 0, sub_pass: 377 -> 377
pass: 0, sub_pass: 378 -> 378
pass: 0, sub_pass: 379 -> 379
pass: 0, sub_pass: 380 -> 380
pass: 0, sub_pass: 381 -> 381
pass: 0, sub_pass: 382 -> 382
pass: 0, sub_pass: 383 -> 383
pass: 0, sub_pass: 384 -> 384
pass: 0, sub_pass: 385 -> 385
pass: 0, sub_pass: 386 -> 386
pass: 0, sub_pass: 387 -> 387
pass: 0, sub_pass: 388 -> 388
pass: 0, sub_pass: 389 -> 389
pass: 0, sub_pass: 390 -> 390
pass: 0, sub_pass: 391 -> 391
pass: 0, sub_pass: 392 -> 392
pass: 0, sub_pass: 393 -> 393
pass: 0, sub_pass: 394 -> 394
pass: 0, sub_pass: 395 -> 395
pass: 0, sub_pass: 396 -> 396
pass: 0, sub_pass: 397 -> 397
pass: 0, sub_pass: 398 -> 398
pass: 0, sub_pass: 399 -> 399
pass: 0, sub_pass: 400 -> 400
pass: 0, sub_pass: 401 -> 401
pass: 0, sub_pass: 402 -> 402
pass: 0, sub_pass: 403 -> 403
pass: 0, sub_pass: 404 -> 404
pass: 0, sub_pass: 405 -> 405
pass: 0, sub_pass: 406 -> 406
pass: 0, sub_pass: 407 -> 407
pass: 0, sub_pass: 408 -> 408
pass: 0, sub_pass: 409 -> 409
pass: 0, sub_pass: 410 -> 410
pass: 0, sub_pass: 411 -> 411
pass: 0, sub_pass: 412 -> 412
pass: 0, sub_pass: 413 -> 413
pass: 0, sub_pass: 414 -> 414
pass: 0, sub_pass: 415 -> 415
pass: 0, sub_pass: 416 -> 416
pass: 0, sub_pass: 417 -> 417
pass: 0, sub_pass: 418 -> 418
pass: 0, sub_pass: 419 -> 419
pass: 0, sub_pass: 420 -> 420
pass: 0, sub_pass: 421 -> 421
pass: 0, sub_pass: 422 -> 422
pass: 0, sub_pass: 423 -> 423
pass: 0, sub_pass: 424 -> 424
pass: 0, sub_pass: 425 -> 425
pass: 0, sub_pass: 426 -> 426
pass: 0, sub_pass: 427 -> 427
pass: 0, sub_pass: 428 -> 428
pass: 0, sub_pass: 429 -> 429
pass: 0, sub_pass: 430 -> 430
pass: 0, sub_pass: 431 -> 431
pass: 0, sub_pass: 432 -> 432
pass: 0, sub_pass: 433 -> 433
pass: 0, sub_pass: 434 -> 434
pass: 0, sub_pass: 435 -> 435
pass: 0, sub_pass: 436 -> 436
pass: 0, sub_pass: 437 -> 437
pass: 0, sub_pass: 438 -> 438
pass: 0, sub_pass: 439 -> 439
pass: 0, sub_pass: 440 -> 440
pass: 0, sub_pass: 441 -> 441
pass: 0, sub_pass: 442 -> 442
pass: 0, sub_pass: 443 -> 443
pass: 0, sub_pass: 444 -> 444
pass: 0, sub_pass: 445 -> 445
pass: 0, sub_pass: 446 -> 446
pass: 0, sub_pass: 447 -> 447
pass: 0, sub_pass: 448 -> 448
pass: 0, sub_pass: 449 -> 449
pass: 0, sub_pass: 450 -> 450
pass: 0, sub_pass: 451 -> 451
pass: 0, sub_pass: 452 -> 452
pass: 0, sub_pass: 453 -> 453
pass: 0, sub_pass: 454 -> 454
pass: 0, sub_pass: 455 -> 455
pass: 0, sub_pass: 456 -> 456
pass: 0, sub_pass: 457 -> 457
pass: 0, sub_pass: 458 -> 458
pass: 0, sub_pass: 459 -> 459
pass: 0, sub_pass: 460 -> 460
pass: 0, sub_pass: 461 -> 461
pass: 0, sub_pass: 462 -> 462
pass: 0, sub_pass: 463 -> 463
pass: 0, sub_pass: 464 -> 464
pass: 0, sub_pass: 465 -> 465
pass: 0, sub_pass: 466 -> 466
pass: 0, sub_pass: 467 -> 467
pass: 0, sub_pass: 468 -> 468
pass: 0, sub_pass: 469 -> 469
pass: 0, sub_pass: 470 -> 470
pass: 0, sub_pass: 471 -> 471
pass: 0, sub_pass: 472 -> 472
pass: 0, sub_pass: 473 -> 473
pass: 0, sub_pass: 474 -> 474
pass: 0, sub_pass: 475 -> 475
pass: 0, sub_pass: 476 -> 476
pass: 0, sub_pass: 477 -> 477
pass: 0, sub_pass: 478 -> 478
pass: 0, sub_pass: 479 -> 479
pass: 0, sub_pass: 480 -> 480
pass: 0, sub_pass: 481 -> 481
pass: 0, sub_pass: 482 -> 482
pass: 0, sub_pass: 483 -> 483
pass: 0, sub_pass: 484 -> 484
pass: 0, sub_pass: 485 -> 485
pass: 0, sub_pass: 486 -> 486
pass: 0, sub_pass: 487 -> 487
pass: 0, sub_pass: 488 -> 488
pass: 0, sub_pass: 489 -> 489
pass: 0, sub_pass: 490 -> 490
pass: 0, sub_pass: 491 -> 491
pass: 0, sub_pass: 492 -> 492
pass: 0, sub_pass: 493 -> 493
pass: 0, sub_pass: 494 -> 494
pass: 0, sub_pass: 495 -> 495
pass: 0, sub_pass: 496 -> 496
pass: 0, sub_pass: 497 -> 497
pass: 0, sub_pass: 498 -> 498
pass: 0, sub_pass: 499 -> 499
pass: 0, sub_pass: 500 -> 500
pass: 0, sub_pass: 501 -> 501
pass: 0, sub_pass: 502 -> 502
pass: 0, sub_pass: 503 -> 503
pass: 0, sub_pass: 504 -> 504
pass: 0, sub_pass: 505 -> 505
pass: 0, sub_pass: 506 -> 506
pass: 0, sub_pass: 507 -> 507
pass: 0, sub_pass: 508 -> 508
pass: 0, sub_pass: 509 -> 509
pass: 0, sub_pass: 510 -> 510
pass: 0, sub_pass: 511 -> 511
pass: 0, sub_pass: 512 -> 512
pass: 0, sub_pass: 513 -> 513
pass: 0, sub_pass: 514 -> 514
pass: 0, sub_pass: 515 -> 515
pass: 0, sub_pass: 516 -> 516
pass: 0, sub_pass: 517 -> 517
pass: 0, sub_pass: 518 -> 518
pass: 0, sub_pass: 519 -> 519
pass: 0, sub_pass: 520 -> 520
pass: 0, sub_pass: 521 -> 521
pass: 0, sub_pass: 522 -> 522
pass: 0, sub_pass: 523 -> 523
pass: 0, sub_pass: 524 -> 524
pass: 0, sub_pass: 525 -> 525
pass: 0, sub_pass: 526 -> 526
pass: 0, sub_pass: 527 -> 527
pass: 0, sub_pass: 528 -> 528
pass: 0, sub_pass: 529 -> 529
pass: 0, sub_pass: 530 -> 530
pass: 0, sub_pass: 531 -> 531
pass: 0, sub_pass: 532 -> 532
pass: 0, sub_pass: 533 -> 533
pass: 0, sub_pass: 534 -> 534
pass: 0, sub_pass: 535 -> 535
pass: 0, sub_pass: 536 -> 536
pass: 0, sub_pass: 537 -> 537
pass: 0, sub_pass: 538 -> 538
pass: 0, sub_pass: 539 -> 539
pass: 0, sub_pass: 540 -> 540
pass: 0, sub_pass: 541 -> 541
pass: 0, sub_pass: 542 -> 542
pass: 0, sub_pass: 543 -> 543
pass: 0, sub_pass: 544 -> 544
pass: 0, sub_pass: 545 -> 545
pass: 0, sub_pass: 546 -> 546
pass: 0, sub_pass: 547 -> 547
pass: 0, sub_pass: 548 -> 548
pass: 0, sub_pass: 549 -> 549
pass: 0, sub_pass: 550 -> 550
pass: 0, sub_pass: 551 -> 551
pass: 0, sub_pass: 552 -> 552
pass: 0, sub_pass: 553 -> 553
pass: 0, sub_pass: 554 -> 554
pass: 0, sub_pass: 555 -> 555
pass: 0, sub_pass: 556 -> 556
pass: 0, sub_pass: 557 -> 557
pass: 0, sub_pass: 558 -> 558
pass: 0, sub_pass: 559 -> 559
pass: 0, sub_pass: 560 -> 560
pass: 0, sub_pass: 561 -> 561
pass: 0, sub_pass: 562 -> 562
pass: 0, sub_pass: 563 -> 563
pass: 0, sub_pass: 564 -> 564
pass: 0, sub_pass: 565 -> 565
pass: 0, sub_pass: 566 -> 566
pass: 0, sub_pass: 567 -> 567
pass: 0, sub_pass: 568 -> 568
pass: 0, sub_pass: 569 -> 569
pass: 0, sub_pass: 570 -> 570
pass: 0, sub_pass: 571 -> 571
pass: 0, sub_pass: 572 -> 572
pass: 0, sub_pass: 573 -> 573
pass: 0, sub_pass: 574 -> 574
pass: 0, sub_pass: 575 -> 575
pass: 0, sub_pass: 576 -> 576
pass: 0, sub_pass: 577 -> 577
pass: 0, sub_pass: 578 -> 578
pass: 0, sub_pass: 579 -> 579
pass: 0, sub_pass: 580 -> 580
pass: 0, sub_pass: 581 -> 581
pass: 0, sub_pass: 582 -> 582
pass: 0, sub_pass: 583 -> 583
pass: 0, sub_pass: 584 -> 584
pass: 0, sub_pass: 585 -> 585
pass: 0, sub_pass: 586 -> 586
pass: 0, sub_pass: 587 -> 587
pass: 0, sub_pass: 588 -> 588
pass: 0, sub_pass: 589 -> 589
pass: 0, sub_pass: 590 -> 590
pass: 0, sub_pass: 591 -> 591
pass: 0, sub_pass: 592 -> 592
pass: 0, sub_pass: 593 -> 593
pass: 0, sub_pass: 594 -> 594
pass: 0, sub_pass: 595 -> 595
pass: 0, sub_pass: 596 -> 596
pass: 0, sub_pass: 597 -> 597
pass: 0, sub_pass: 598 -> 598
pass: 0, sub_pass: 599 -> 599
pass: 0, sub_pass: 600 -> 600
pass: 0, sub_pass: 601 -> 601
pass: 0, sub_pass: 602 -> 602
pass: 0, sub_pass: 603 -> 603
pass: 0, sub_pass: 604 -> 604
pass: 0, sub_pass: 605 -> 605
pass: 0, sub_pass: 606 -> 606
pass: 0, sub_pass: 607 -> 607
pass: 0, sub_pass: 608 -> 608
pass: 0, sub_pass: 609 -> 609
pass: 0, sub_pass: 610 -> 610
pass: 0, sub_pass: 611 -> 611
pass: 0, sub_pass: 612 -> 612
pass: 0, sub_pass: 613 -> 613
pass: 0, sub_pass: 614 -> 614
pass: 0, sub_pass: 615 -> 615
pass: 0, sub_pass: 616 -> 616
pass: 0, sub_pass: 617 -> 617
pass: 0, sub_pass: 618 -> 618
pass: 0, sub_pass: 619 -> 619
pass: 0, sub_pass: 620 -> 620
pass: 0, sub_pass: 621 -> 621
pass: 0, sub_pass: 622 -> 622
pass: 0, sub_pass: 623 -> 623
pass: 0, sub_pass: 624 -> 624
pass: 0, sub_pass: 625 -> 625
pass: 0, sub_pass: 626 -> 626
pass: 0, sub_pass: 627 -> 627
pass: 0, sub_pass: 628 -> 628
pass: 0, sub_pass: 629 -> 629
pass: 0, sub_pass: 630 -> 630
pass: 0, sub_pass: 631 -> 631
pass: 0, sub_pass: 632 -> 632
pass: 0, sub_pass: 633 -> 633
pass: 0, sub_pass: 634 -> 634
pass: 0, sub_pass: 635 -> 635
pass: 0, sub_pass: 636 -> 636
pass: 0, sub_pass: 637 -> 637
pass: 0, sub_pass: 638 -> 638
pass: 0, sub_pass: 639 -> 639
pass: 0, sub_pass: 640 -> 640
pass: 0, sub_pass: 641 -> 641
pass: 0, sub_pass: 642 -> 642
pass: 0, sub_pass: 643 -> 643
pass: 0, sub_pass: 644 -> 644
pass: 0, sub_pass: 645 -> 645
pass: 0, sub_pass: 646 -> 646
pass: 0, sub_pass: 647 -> 647
pass: 0, sub_pass: 648 -> 648
pass: 0, sub_pass: 649 -> 649
pass: 0, sub_pass: 650 -> 650
pass: 0, sub_pass: 651 -> 651
pass: 0, sub_pass: 652 -> 652
pass: 0, sub_pass: 653 -> 653
pass: 0, sub_pass: 654 -> 654
pass: 0, sub_pass: 655 -> 655
pass: 0, sub_pass: 656 -> 656
pass: 0, sub_pass: 657 -> 657
pass: 0, sub_pass: 658 -> 658
pass: 0, sub_pass: 659 -> 659
pass: 0, sub_pass: 660 -> 660
pass: 0, sub_pass: 661 -> 661
pass: 0, sub_pass: 662 -> 662
pass: 0, sub_pass: 663 -> 663
pass: 0, sub_pass: 664 -> 664
pass: 0, sub_pass: 665 -> 665
pass: 0, sub_pass: 666 -> 666
pass: 0, sub_pass: 667 -> 667
pass: 0, sub_pass: 668 -> 668
pass: 0, sub_pass: 669 -> 669
pass: 0, sub_pass: 670 -> 670
pass: 0, sub_pass: 671 -> 671
pass: 0, sub_pass: 672 -> 672
pass: 0, sub_pass: 673 -> 673
pass: 0, sub_pass: 674 -> 674
pass: 0, sub_pass: 675 -> 675
pass: 0, sub_pass: 676 -> 676
pass: 0, sub_pass: 677 -> 677
pass: 0, sub_pass: 678 -> 678
pass: 0, sub_pass: 679 -> 679
pass: 0, sub_pass: 680 -> 680
pass: 0, sub_pass: 681 -> 681
pass: 0, sub_pass: 682 -> 682
pass: 0, sub_pass: 683 -> 683
pass: 0, sub_pass: 684 -> 684
pass: 0, sub_pass: 685 -> 685
pass: 0, sub_pass: 686 -> 686
pass: 0, sub_pass: 687 -> 687
pass: 0, sub_pass: 688 -> 688
pass: 0, sub_pass: 689 -> 689
pass: 0, sub_pass: 690 -> 690
pass: 0, sub_pass: 691 -> 691
pass: 0, sub_pass: 692 -> 692
pass: 0, sub_pass: 693 -> 693
pass: 0, sub_pass: 694 -> 694
pass: 0, sub_pass: 695 -> 695
pass: 0, sub_pass: 696 -> 696
pass: 0, sub_pass: 697 -> 697
pass: 0, sub_pass: 698 -> 698
pass: 0, sub_pass: 699 -> 699
pass: 0, sub_pass: 700 -> 700
pass: 0, sub_pass: 701 -> 701
pass: 0, sub_pass: 702 -> 702
pass: 0, sub_pass: 703 -> 703
pass: 0, sub_pass: 704 -> 704
pass: 0, sub_pass: 705 -> 705
pass: 0, sub_pass: 706 -> 706
pass: 0, sub_pass: 707 -> 707
pass: 0, sub_pass: 708 -> 708
pass: 0, sub_pass: 709 -> 709
pass: 0, sub_pass: 710 -> 710
pass: 0, sub_pass: 711 -> 711
pass: 0, sub_pass: 712 -> 712
pass: 0, sub_pass: 713 -> 713
pass: 0, sub_pass: 714 -> 714
pass: 0, sub_pass: 715 -> 715
pass: 0, sub_pass: 716 -> 716
pass: 0, sub_pass: 717 -> 717
pass: 0, sub_pass: 718 -> 718
pass: 0, sub_pass: 719 -> 719
pass: 0, sub_pass: 720 -> 720
pass: 0, sub_pass: 721 -> 721
pass: 0, sub_pass: 722 -> 722
pass: 0, sub_pass: 723 -> 723
pass: 0, sub_pass: 724 -> 724
pass: 0, sub_pass: 725 -> 725
pass: 0, sub_pass: 726 -> 726
pass: 0, sub_pass: 727 -> 727
pass: 0, sub_pass: 728 -> 728
pass: 0, sub_pass: 729 -> 729
pass: 0, sub_pass: 730 -> 730
pass: 0, sub_pass: 731 -> 731
pass: 0, sub_pass: 732 -> 732
pass: 0, sub_pass: 733 -> 733
pass: 0, sub_pass: 734 -> 734
pass: 0, sub_pass: 735 -> 735
pass: 0, sub_pass: 736 -> 736
pass: 0, sub_pass: 737 -> 737
pass: 0, sub_pass: 738 -> 738
pass: 0, sub_pass: 739 -> 739
pass: 0, sub_pass: 740 -> 740
pass: 0, sub_pass: 741 -> 741
pass: 0, sub_pass: 742 -> 742
pass: 0, sub_pass: 743 -> 743
pass: 0, sub_pass: 744 -> 744
pass: 0, sub_pass: 745 -> 745
pass: 0, sub_pass: 746 -> 746
pass: 0, sub_pass: 747 -> 747
pass: 0, sub_pass: 748 -> 748
pass: 0, sub_pass: 749 -> 749
pass: 0, sub_pass: 750 -> 750
pass: 0, sub_pass: 751 -> 751
pass: 0, sub_pass: 752 -> 752
pass: 0, sub_pass: 753 -> 753
pass: 0, sub_pass: 754 -> 754
pass: 0, sub_pass: 755 -> 755
pass: 0, sub_pass: 756 -> 756
pass: 0, sub_pass: 757 -> 757
pass: 0, sub_pass: 758 -> 758
pass: 0, sub_pass: 759 -> 759
pass: 0, sub_pass: 760 -> 760
pass: 0, sub_pass: 761 -> 761
pass: 0, sub_pass: 762 -> 762
pass: 0, sub_pass: 763 -> 763
pass: 0, sub_pass: 764 -> 764
pass: 0, sub_pass: 765 -> 765
pass: 0, sub_pass: 766 -> 766
pass: 0, sub_pass: 767 -> 767
pass: 0, sub_pass: 768 -> 768
pass: 0, sub_pass: 769 -> 769
pass: 0, sub_pass: 770 -> 770
pass: 0, sub_pass: 771 -> 771
pass: 0, sub_pass: 772 -> 772
pass: 0, sub_pass: 773 -> 773
pass: 0, sub_pass: 774 -> 774
pass: 0, sub_pass: 775 -> 775
pass: 0, sub_pass: 776 -> 776
pass: 0, sub_pass: 777 -> 777
pass: 0, sub_pass: 778 -> 778
pass: 0, sub_pass: 779 -> 779
pass: 0, sub_pass: 780 -> 780
pass: 0, sub_pass: 781 -> 781
pass: 0, sub_pass: 782 -> 782
pass: 0, sub_pass: 783 -> 783
pass: 0, sub_pass: 784 -> 784
pass: 0, sub_pass: 785 -> 785
pass: 0, sub_pass: 786 -> 786
pass: 0, sub_pass: 787 -> 787
pass: 0, sub_pass: 788 -> 788
pass: 0, sub_pass: 789 -> 789
pass: 0, sub_pass: 790 -> 790
pass: 0, sub_pass: 791 -> 791
pass: 0, sub_pass: 792 -> 792
pass: 0, sub_pass: 793 -> 793
pass: 0, sub_pass: 794 -> 794
pass: 0, sub_pass: 795 -> 795
pass: 0, sub_pass: 796 -> 796
pass: 0, sub_pass: 797 -> 797
pass: 0, sub_pass: 798 -> 798
pass: 0, sub_pass: 799 -> 799
pass: 0, sub_pass: 800 -> 800
pass: 0, sub_pass: 801 -> 801
pass: 0, sub_pass: 802 -> 802
pass: 0, sub_pass: 803 -> 803
pass: 0, sub_pass: 804 -> 804
pass: 0, sub_pass: 805 -> 805
pass: 0, sub_pass: 806 -> 806
pass: 0, sub_pass: 807 -> 807
pass: 0, sub_pass: 808 -> 808
pass: 0, sub_pass: 809 -> 809
pass: 0, sub_pass: 810 -> 810
pass: 0, sub_pass: 811 -> 811
pass: 0, sub_pass: 812 -> 812
pass: 0, sub_pass: 813 -> 813
pass: 0, sub_pass: 814 -> 814
pass: 0, sub_pass: 815 -> 815
pass: 0, sub_pass: 816 -> 816
pass: 0, sub_pass: 817 -> 817
pass: 0, sub_pass: 818 -> 818
pass: 0, sub_pass: 819 -> 819
pass: 0, sub_pass: 820 -> 820
pass: 0, sub_pass: 821 -> 821
pass: 0, sub_pass: 822 -> 822
pass: 0, sub_pass: 823 -> 823
pass: 0, sub_pass: 824 -> 824
pass: 0, sub_pass: 825 -> 825
pass: 0, sub_pass: 826 -> 826
pass: 0, sub_pass: 827 -> 827
pass: 0, sub_pass: 828 -> 828
pass: 0, sub_pass: 829 -> 829
pass: 0, sub_pass: 830 -> 830
pass: 0, sub_pass: 831 -> 831
pass: 0, sub_pass: 832 -> 832
pass: 0, sub_pass: 833 -> 833
pass: 0, sub_pass: 834 -> 834
pass: 0, sub_pass: 835 -> 835
pass: 0, sub_pass: 836 -> 836
pass: 0, sub_pass: 837 -> 837
pass: 0, sub_pass: 838 -> 838
pass: 0, sub_pass: 839 -> 839
pass: 0, sub_pass: 840 -> 840
pass: 0, sub_pass: 841 -> 841
pass: 0, sub_pass: 842 -> 842
pass: 0, sub_pass: 843 -> 843
pass: 0, sub_pass: 844 -> 844
pass: 0, sub_pass: 845 -> 845
pass: 0, sub_pass: 846 -> 846
pass: 0, sub_pass: 847 -> 847
pass: 0, sub_pass: 848 -> 848
pass: 0, sub_pass: 849 -> 849
pass: 0, sub_pass: 850 -> 850
pass: 0, sub_pass: 851 -> 851
pass: 0, sub_pass: 852 -> 852
pass: 0, sub_pass: 853 -> 853
pass: 0, sub_pass: 854 -> 854
pass: 0, sub_pass: 855 -> 855
pass: 0, sub_pass: 856 -> 856
pass: 0, sub_pass: 857 -> 857
pass: 0, sub_pass: 858 -> 858
pass: 0, sub_pass: 859 -> 859
pass: 0, sub_pass: 860 -> 860
pass: 0, sub_pass: 861 -> 861
pass: 0, sub_pass: 862 -> 862
pass: 0, sub_pass: 863 -> 863
pass: 0, sub_pass: 864 -> 864
pass: 0, sub_pass: 865 -> 865
pass: 0, sub_pass: 866 -> 866
pass: 0, sub_pass: 867 -> 867
pass: 0, sub_pass: 868 -> 868
pass: 0, sub_pass: 869 -> 869
pass: 0, sub_pass: 870 -> 870
pass: 0, sub_pass: 871 -> 871
pass: 0, sub_pass: 872 -> 872
pass: 0, sub_pass: 873 -> 873
pass: 0, sub_pass: 874 -> 874
pass: 0, sub_pass: 875 -> 875
pass: 0, sub_pass: 876 -> 876
pass: 0, sub_pass: 877 -> 877
pass: 0, sub_pass: 878 -> 878
pass: 0, sub_pass: 879 -> 879
pass: 0, sub_pass: 880 -> 880
pass: 0, sub_pass: 881 -> 881
pass: 0, sub_pass: 882 -> 882
pass: 0, sub_pass: 883 -> 883
pass: 0, sub_pass: 884 -> 884
pass: 0, sub_pass: 885 -> 885
pass: 0, sub_pass: 886 -> 886
pass: 0, sub_pass: 887 -> 887
pass: 0, sub_pass: 888 -> 888
pass: 0, sub_pass: 889 -> 889
pass: 0, sub_pass: 890 -> 890
pass: 0, sub_pass: 891 -> 891
pass: 0, sub_pass: 892 -> 892
pass: 0, sub_pass: 893 -> 893
pass: 0, sub_pass: 894 -> 894
pass: 0, sub_pass: 895 -> 895
pass: 0, sub_pass: 896 -> 896
pass: 0, sub_pass: 897 -> 897
pass: 0, sub_pass: 898 -> 898
pass: 0, sub_pass: 899 -> 899
pass: 0, sub_pass: 900 -> 900
pass: 0, sub_pass: 901 -> 901
pass: 0, sub_pass: 902 -> 902
pass: 0, sub_pass: 903 -> 903
pass: 0, sub_pass: 904 -> 904
pass: 0, sub_pass: 905 -> 905
pass: 0, sub_pass: 906 -> 906
pass: 0, sub_pass: 907 -> 907
pass: 0, sub_pass: 908 -> 908
pass: 0, sub_pass: 909 -> 909
pass: 0, sub_pass: 910 -> 910
pass: 0, sub_pass: 911 -> 911
pass: 0, sub_pass: 912 -> 912
pass: 0, sub_pass: 913 -> 913
pass: 0, sub_pass: 914 -> 914
pass: 0, sub_pass: 915 -> 915
pass: 0, sub_pass: 916 -> 916
pass: 0, sub_pass: 917 -> 917
pass: 0, sub_pass: 918 -> 918
pass: 0, sub_pass: 919 -> 919
pass: 0, sub_pass: 920 -> 920
pass: 0, sub_pass: 921 -> 921
pass: 0, sub_pass: 922 -> 922
pass: 0, sub_pass: 923 -> 923
pass: 0, sub_pass: 924 -> 924
pass: 0, sub_pass: 925 -> 925
pass: 0, sub_pass: 926 -> 926
pass: 0, sub_pass: 927 -> 927
pass: 0, sub_pass: 928 -> 928
pass: 0, sub_pass: 929 -> 929
pass: 0, sub_pass: 930 -> 930
pass: 0, sub_pass: 931 -> 931
pass: 0, sub_pass: 932 -> 932
pass: 0, sub_pass: 933 -> 933
pass: 0, sub_pass: 934 -> 934
pass: 0, sub_pass: 935 -> 935
pass: 0, sub_pass: 936 -> 936
pass: 0, sub_pass: 937 -> 937
pass: 0, sub_pass: 938 -> 938
pass: 0, sub_pass: 939 -> 939
pass: 0, sub_pass: 940 -> 940
pass: 0, sub_pass: 941 -> 941
pass: 0, sub_pass: 942 -> 942
pass: 0, sub_pass: 943 -> 943
pass: 0, sub_pass: 944 -> 944
pass: 0, sub_pass: 945 -> 945
pass: 0, sub_pass: 946 -> 946
pass: 0, sub_pass: 947 -> 947
pass: 0, sub_pass: 948 -> 948
pass: 0, sub_pass: 949 -> 949
pass: 0, sub_pass: 950 -> 950
pass: 0, sub_pass: 951 -> 951
pass: 0, sub_pass: 952 -> 952
pass: 0, sub_pass: 953 -> 953
pass: 0, sub_pass: 954 -> 954
pass: 0, sub_pass: 955 -> 955
pass: 0, sub_pass: 956 -> 956
pass: 0, sub_pass: 957 -> 957
pass: 0, sub_pass: 958 -> 958
pass: 0, sub_pass: 959 -> 959
pass: 0, sub_pass: 960 -> 960
pass: 0, sub_pass: 961 -> 961
pass: 0, sub_pass: 962 -> 962
pass: 0, sub_pass: 963 -> 963
pass: 0, sub_pass: 964 -> 964
pass: 0, sub_pass: 965 -> 965
pass: 0, sub_pass: 966 -> 966
pass: 0, sub_pass: 967 -> 967
pass: 0, sub_pass: 968 -> 968
pass: 0, sub_pass: 969 -> 969
pass: 0, sub_pass: 970 -> 970
pass: 0, sub_pass: 971 -> 971
pass: 0, sub_pass: 972 -> 972
pass: 0, sub_pass: 973 -> 973
pass: 0, sub_pass: 974 -> 974
pass: 0, sub_pass: 975 -> 975
pass: 0, sub_pass: 976 -> 976
pass: 0, sub_pass: 977 -> 977
pass: 0, sub_pass: 978 -> 978
pass: 0, sub_pass: 979 -> 979
pass: 0, sub_pass: 980 -> 980
pass: 0, sub_pass: 981 -> 981
pass: 0, sub_pass: 982 -> 982
pass: 0, sub_pass: 983 -> 983
pass: 0, sub_pass: 984 -> 984
pass: 0, sub_pass: 985 -> 985
pass: 0, sub_pass: 986 -> 986
pass: 0, sub_pass: 987 -> 987
pass: 0, sub_pass: 988 -> 988
pass: 0, sub_pass: 989 -> 989
pass: 0, sub_pass: 990 -> 990
pass: 0, sub_pass: 991 -> 991
pass: 0, sub_pass: 992 -> 992
pass: 0, sub_pass: 993 -> 993
pass: 0, sub_pass: 994 -> 994
pass: 0, sub_pass: 995 -> 995
pass: 0, sub_pass: 996 -> 996
pass: 0, sub_pass: 997 -> 997
pass: 0, sub_pass: 998 -> 998
pass: 0, sub_pass: 999 -> 999
pass: 1, sub_pass: 0 -> 1000
pass: 1, sub_pass: 1 -> 1001
pass: 1, sub_pass: 2 -> 1002
pass: 1, sub_pass: 3 -> 1003
pass: 1, sub_pass: 4 -> 1004
pass: 1, sub_pass: 5 -> 1005
pass: 1, sub_pass: 6 -> 1006
pass: 1, sub_pass: 7 -> 1007
pass: 1, sub_pass: 8 -> 1008
pass: 1, sub_pass: 9 -> 1009
pass: 1, sub_pass: 10 -> 1010
pass: 1, sub_pass: 11 -> 1011
pass: 1, sub_pass: 12 -> 1012
pass: 1, sub_pass: 13 -> 1013
pass: 1, sub_pass: 14 -> 1014
pass: 1, sub_pass: 15 -> 1015
pass: 1, sub_pass: 16 -> 1016
pass: 1, sub_pass: 17 -> 1017
pass: 1, sub_pass: 18 -> 1018
pass: 1, sub_pass: 19 -> 1019
pass: 1, sub_pass: 20 -> 1020
pass: 1, sub_pass: 21 -> 1021
pass: 1, sub_pass: 22 -> 1022
pass: 1, sub_pass: 23 -> 1023
pass: 1, sub_pass: 24 -> 1024
pass: 1, sub_pass: 25 -> 1025
pass: 1, sub_pass: 26 -> 1026
pass: 1, sub_pass: 27 -> 1027
pass: 1, sub_pass: 28 -> 1028
pass: 1, sub_pass: 29 -> 1029
pass: 1, sub_pass: 30 -> 1030
pass: 1, sub_pass: 31 -> 1031
pass: 1, sub_pass: 32 -> 1032
pass: 1, sub_pass: 33 -> 1033
pass: 1, sub_pass: 34 -> 1034
pass: 1, sub_pass: 35 -> 1035
pass: 1, sub_pass: 36 -> 1036
pass: 1, sub_pass: 37 -> 1037
pass: 1, sub_pass: 38 -> 1038
pass: 1, sub_pass: 39 -> 1039
pass: 1, sub_pass: 40 -> 1040
pass: 1, sub_pass: 41 -> 1041
pass: 1, sub_pass: 42 -> 1042
pass: 1, sub_pass: 43 -> 1043
pass: 1, sub_pass: 44 -> 1044
pass: 1, sub_pass: 45 -> 1045
pass: 1, sub_pass: 46 -> 1046
pass: 1, sub_pass: 47 -> 1047
pass: 1, sub_pass: 48 -> 1048
pass: 1, sub_pass: 49 -> 1049
pass: 1, sub_pass: 50 -> 1050
pass: 1, sub_pass: 51 -> 1051
pass: 1, sub_pass: 52 -> 1052
pass: 1, sub_pass: 53 -> 1053
pass: 1, sub_pass: 54 -> 1054
pass: 1, sub_pass: 55 -> 1055
pass: 1, sub_pass: 56 -> 1056
pass: 1, sub_pass: 57 -> 1057
pass: 1, sub_pass: 58 -> 1058
pass: 1, sub_pass: 59 -> 1059
pass: 1, sub_pass: 60 -> 1060
pass: 1, sub_pass: 61 -> 1061
pass: 1, sub_pass: 62 -> 1062
pass: 1, sub_pass: 63 -> 1063
pass: 1, sub_pass: 64 -> 1064
pass: 1, sub_pass: 65 -> 1065
pass: 1, sub_pass: 66 -> 1066
pass: 1, sub_pass: 67 -> 1067
pass: 1, sub_pass: 68 -> 1068
pass: 1, sub_pass: 69 -> 1069
pass: 1, sub_pass: 70 -> 1070
pass: 1, sub_pass: 71 -> 1071
pass: 1, sub_pass: 72 -> 1072
pass: 1, sub_pass: 73 -> 1073
pass: 1, sub_pass: 74 -> 1074
pass: 1, sub_pass: 75 -> 1075
pass: 1, sub_pass: 76 -> 1076
pass: 1, sub_pass: 77 -> 1077
pass: 1, sub_pass: 78 -> 1078
pass: 1, sub_pass: 79 -> 1079
pass: 1, sub_pass: 80 -> 1080
pass: 1, sub_pass: 81 -> 1081
pass: 1, sub_pass: 82 -> 1082
pass: 1, sub_pass: 83 -> 1083
pass: 1, sub_pass: 84 -> 1084
pass: 1, sub_pass: 85 -> 1085
pass: 1, sub_pass: 86 -> 1086
pass: 1, sub_pass: 87 -> 1087
pass: 1, sub_pass: 88 -> 1088
pass: 1, sub_pass: 89 -> 1089
pass: 1, sub_pass: 90 -> 1090
pass: 1, sub_pass: 91 -> 1091
pass: 1, sub_pass: 92 -> 1092
pass: 1, sub_pass: 93 -> 1093
pass: 1, sub_pass: 94 -> 1094
pass: 1, sub_pass: 95 -> 1095
pass: 1, sub_pass: 96 -> 1096
pass: 1, sub_pass: 97 -> 1097
pass: 1, sub_pass: 98 -> 1098
pass: 1, sub_pass: 99 -> 1099
pass: 1, sub_pass: 100 -> 1100
pass: 1, sub_pass: 101 -> 1101
pass: 1, sub_pass: 102 -> 1102
pass: 1, sub_pass: 103 -> 1103
pass: 1, sub_pass: 104 -> 1104
pass: 1, sub_pass: 105 -> 1105
pass: 1, sub_pass: 106 -> 1106
pass: 1, sub_pass: 107 -> 1107
pass: 1, sub_pass: 108 -> 1108
pass: 1, sub_pass: 109 -> 1109
pass: 1, sub_pass: 110 -> 1110
pass: 1, sub_pass: 111 -> 1111
pass: 1, sub_pass: 112 -> 1112
pass: 1, sub_pass: 113 -> 1113
pass: 1, sub_pass: 114 -> 1114
pass: 1, sub_pass: 115 -> 1115
pass: 1, sub_pass: 116 -> 1116
pass: 1, sub_pass: 117 -> 1117
pass: 1, sub_pass: 118 -> 1118
pass: 1, sub_pass: 119 -> 1119
pass: 1, sub_pass: 120 -> 1120
pass: 1, sub_pass: 121 -> 1121
pass: 1, sub_pass: 122 -> 1122
pass: 1, sub_pass: 123 -> 1123
pass: 1, sub_pass: 124 -> 1124
pass: 1, sub_pass: 125 -> 1125
pass: 1, sub_pass: 126 -> 1126
pass: 1, sub_pass: 127 -> 1127
pass: 1, sub_pass: 128 -> 1128
pass: 1, sub_pass: 129 -> 1129
pass: 1, sub_pass: 130 -> 1130
pass: 1, sub_pass: 131 -> 1131
pass: 1, sub_pass: 132 -> 1132
pass: 1, sub_pass: 133 -> 1133
pass: 1, sub_pass: 134 -> 1134
pass: 1, sub_pass: 135 -> 1135
pass: 1, sub_pass: 136 -> 1136
pass: 1, sub_pass: 137 -> 1137
pass: 1, sub_pass: 138 -> 1138
pass: 1, sub_pass: 139 -> 1139
pass: 1, sub_pass: 140 -> 1140
pass: 1, sub_pass: 141 -> 1141
pass: 1, sub_pass: 142 -> 1142
pass: 1, sub_pass: 143 -> 1143
pass: 1, sub_pass: 144 -> 1144
pass: 1, sub_pass: 145 -> 1145
pass: 1, sub_pass: 146 -> 1146
pass: 1, sub_pass: 147 -> 1147
pass: 1, sub_pass: 148 -> 1148
pass: 1, sub_pass: 149 -> 1149
pass: 1, sub_pass: 150 -> 1150
pass: 1, sub_pass: 151 -> 1151
pass: 1, sub_pass: 152 -> 1152
pass: 1, sub_pass: 153 -> 1153
pass: 1, sub_pass: 154 -> 1154
pass: 1, sub_pass: 155 -> 1155
pass: 1, sub_pass: 156 -> 1156
pass: 1, sub_pass: 157 -> 1157
pass: 1, sub_pass: 158 -> 1158
pass: 1, sub_pass: 159 -> 1159
pass: 1, sub_pass: 160 -> 1160
pass: 1, sub_pass: 161 -> 1161
pass: 1, sub_pass: 162 -> 1162
pass: 1, sub_pass: 163 -> 1163
pass: 1, sub_pass: 164 -> 1164
pass: 1, sub_pass: 165 -> 1165
pass: 1, sub_pass: 166 -> 1166
pass: 1, sub_pass: 167 -> 1167
pass: 1, sub_pass: 168 -> 1168
pass: 1, sub_pass: 169 -> 1169
pass: 1, sub_pass: 170 -> 1170
pass: 1, sub_pass: 171 -> 1171
pass: 1, sub_pass: 172 -> 1172
pass: 1, sub_pass: 173 -> 1173
pass: 1, sub_pass: 174 -> 1174
pass: 1, sub_pass: 175 -> 1175
pass: 1, sub_pass: 176 -> 1176
pass: 1, sub_pass: 177 -> 1177
pass: 1, sub_pass: 178 -> 1178
pass: 1, sub_pass: 179 -> 1179
pass: 1, sub_pass: 180 -> 1180
pass: 1, sub_pass: 181 -> 1181
pass: 1, sub_pass: 182 -> 1182
pass: 1, sub_pass: 183 -> 1183
pass: 1, sub_pass: 184 -> 1184
pass: 1, sub_pass: 185 -> 1185
pass: 1, sub_pass: 186 -> 1186
pass: 1, sub_pass: 187 -> 1187
pass: 1, sub_pass: 188 -> 1188
pass: 1, sub_pass: 189 -> 1189
pass: 1, sub_pass: 190 -> 1190
pass: 1, sub_pass: 191 -> 1191
pass: 1, sub_pass: 192 -> 1192
pass: 1, sub_pass: 193 -> 1193
pass: 1, sub_pass: 194 -> 1194
pass: 1, sub_pass: 195 -> 1195
pass: 1, sub_pass: 196 -> 1196
pass: 1, sub_pass: 197 -> 1197
pass: 1, sub_pass: 198 -> 1198
pass: 1, sub_pass: 199 -> 1199
pass: 1, sub_pass: 200 -> 1200
pass: 1, sub_pass: 201 -> 1201
pass: 1, sub_pass: 202 -> 1202
pass: 1, sub_pass: 203 -> 1203
pass: 1, sub_pass: 204 -> 1204
pass: 1, sub_pass: 205 -> 1205
pass: 1, sub_pass: 206 -> 1206
pass: 1, sub_pass: 207 -> 1207
pass: 1, sub_pass: 208 -> 1208
pass: 1, sub_pass: 209 -> 1209
pass: 1, sub_pass: 210 -> 1210
pass: 1, sub_pass: 211 -> 1211
pass: 1, sub_pass: 212 -> 1212
pass: 1, sub_pass: 213 -> 1213
pass: 1, sub_pass: 214 -> 1214
pass: 1, sub_pass: 215 -> 1215
pass: 1, sub_pass: 216 -> 1216
pass: 1, sub_pass: 217 -> 1217
pass: 1, sub_pass: 218 -> 1218
pass: 1, sub_pass: 219 -> 1219
pass: 1, sub_pass: 220 -> 1220
pass: 1, sub_pass: 221 -> 1221
pass: 1, sub_pass: 222 -> 1222
pass: 1, sub_pass: 223 -> 1223
pass: 1, sub_pass: 224 -> 1224
pass: 1, sub_pass: 225 -> 1225
pass: 1, sub_pass: 226 -> 1226
pass: 1, sub_pass: 227 -> 1227
pass: 1, sub_pass: 228 -> 1228
pass: 1, sub_pass: 229 -> 1229
pass: 1, sub_pass: 230 -> 1230
pass: 1, sub_pass: 231 -> 1231
pass: 1, sub_pass: 232 -> 1232
pass: 1, sub_pass: 233 -> 1233
pass: 1, sub_pass: 234 -> 1234
pass: 1, sub_pass: 235 -> 1235
pass: 1, sub_pass: 236 -> 1236
pass: 1, sub_pass: 237 -> 1237
pass: 1, sub_pass: 238 -> 1238
pass: 1, sub_pass: 239 -> 1239
pass: 1, sub_pass: 240 -> 1240
pass: 1, sub_pass: 241 -> 1241
pass: 1, sub_pass: 242 -> 1242
pass: 1, sub_pass: 243 -> 1243
pass: 1, sub_pass: 244 -> 1244
pass: 1, sub_pass: 245 -> 1245
pass: 1, sub_pass: 246 -> 1246
pass: 1, sub_pass: 247 -> 1247
pass: 1, sub_pass: 248 -> 1248
pass: 1, sub_pass: 249 -> 1249
pass: 1, sub_pass: 250 -> 1250
pass: 1, sub_pass: 251 -> 1251
pass: 1, sub_pass: 252 -> 1252
pass: 1, sub_pass: 253 -> 1253
pass: 1, sub_pass: 254 -> 1254
pass: 1, sub_pass: 255 -> 1255
pass: 1, sub_pass: 256 -> 1256
pass: 1, sub_pass: 257 -> 1257
pass: 1, sub_pass: 258 -> 1258
pass: 1, sub_pass: 259 -> 1259
pass: 1, sub_pass: 260 -> 1260
pass: 1, sub_pass: 261 -> 1261
pass: 1, sub_pass: 262 -> 1262
pass: 1, sub_pass: 263 -> 1263
pass: 1, sub_pass: 264 -> 1264
pass: 1, sub_pass: 265 -> 1265
pass: 1, sub_pass: 266 -> 1266
pass: 1, sub_pass: 267 -> 1267
pass: 1, sub_pass: 268 -> 1268
pass: 1, sub_pass: 269 -> 1269
pass: 1, sub_pass: 270 -> 1270
pass: 1, sub_pass: 271 -> 1271
pass: 1, sub_pass: 272 -> 1272
pass: 1, sub_pass: 273 -> 1273
pass: 1, sub_pass: 274 -> 1274
pass: 1, sub_pass: 275 -> 1275
pass: 1, sub_pass: 276 -> 1276
pass: 1, sub_pass: 277 -> 1277
pass: 1, sub_pass: 278 -> 1278
pass: 1, sub_pass: 279 -> 1279
pass: 1, sub_pass: 280 -> 1280
pass: 1, sub_pass: 281 -> 1281
pass: 1, sub_pass: 282 -> 1282
pass: 1, sub_pass: 283 -> 1283
pass: 1, sub_pass: 284 -> 1284
pass: 1, sub_pass: 285 -> 1285
pass: 1, sub_pass: 286 -> 1286
pass: 1, sub_pass: 287 -> 1287
pass: 1, sub_pass: 288 -> 1288
pass: 1, sub_pass: 289 -> 1289
pass: 1, sub_pass: 290 -> 1290
pass: 1, sub_pass: 291 -> 1291
pass: 1, sub_pass: 292 -> 1292
pass: 1, sub_pass: 293 -> 1293
pass: 1, sub_pass: 294 -> 1294
pass: 1, sub_pass: 295 -> 1295
pass: 1, sub_pass: 296 -> 1296
pass: 1, sub_pass: 297 -> 1297
pass: 1, sub_pass: 298 -> 1298
pass: 1, sub_pass: 299 -> 1299
pass: 1, sub_pass: 300 -> 1300
pass: 1, sub_pass: 301 -> 1301
pass: 1, sub_pass: 302 -> 1302
pass: 1, sub_pass: 303 -> 1303
pass: 1, sub_pass: 304 -> 1304
pass: 1, sub_pass: 305 -> 1305
pass: 1, sub_pass: 306 -> 1306
pass: 1, sub_pass: 307 -> 1307
pass: 1, sub_pass: 308 -> 1308
pass: 1, sub_pass: 309 -> 1309
pass: 1, sub_pass: 310 -> 1310
pass: 1, sub_pass: 311 -> 1311
pass: 1, sub_pass: 312 -> 1312
pass: 1, sub_pass: 313 -> 1313
pass: 1, sub_pass: 314 -> 1314
pass: 1, sub_pass: 315 -> 1315
pass: 1, sub_pass: 316 -> 1316
pass: 1, sub_pass: 317 -> 1317
pass: 1, sub_pass: 318 -> 1318
pass: 1, sub_pass: 319 -> 1319
pass: 1, sub_pass: 320 -> 1320
pass: 1, sub_pass: 321 -> 1321
pass: 1, sub_pass: 322 -> 1322
pass: 1, sub_pass: 323 -> 1323
pass: 1, sub_pass: 324 -> 1324
pass: 1, sub_pass: 325 -> 1325
pass: 1, sub_pass: 326 -> 1326
pass: 1, sub_pass: 327 -> 1327
pass: 1, sub_pass: 328 -> 1328
pass: 1, sub_pass: 329 -> 1329
pass: 1, sub_pass: 330 -> 1330
pass: 1, sub_pass: 331 -> 1331
pass: 1, sub_pass: 332 -> 1332
pass: 1, sub_pass: 333 -> 1333
pass: 1, sub_pass: 334 -> 1334
pass: 1, sub_pass: 335 -> 1335
pass: 1, sub_pass: 336 -> 1336
pass: 1, sub_pass: 337 -> 1337
pass: 1, sub_pass: 338 -> 1338
pass: 1, sub_pass: 339 -> 1339
pass: 1, sub_pass: 340 -> 1340
pass: 1, sub_pass: 341 -> 1341
pass: 1, sub_pass: 342 -> 1342
pass: 1, sub_pass: 343 -> 1343
pass: 1, sub_pass: 344 -> 1344
pass: 1, sub_pass: 345 -> 1345
pass: 1, sub_pass: 346 -> 1346
pass: 1, sub_pass: 347 -> 1347
pass: 1, sub_pass: 348 -> 1348
pass: 1, sub_pass: 349 -> 1349
pass: 1, sub_pass: 350 -> 1350
pass: 1, sub_pass: 351 -> 1351
pass: 1, sub_pass: 352 -> 1352
pass: 1, sub_pass: 353 -> 1353
pass: 1, sub_pass: 354 -> 1354
pass: 1, sub_pass: 355 -> 1355
pass: 1, sub_pass: 356 -> 1356
pass: 1, sub_pass: 357 -> 1357
pass: 1, sub_pass: 358 -> 1358
pass: 1, sub_pass: 359 -> 1359
pass: 1, sub_pass: 360 -> 1360
pass: 1, sub_pass: 361 -> 1361
pass: 1, sub_pass: 362 -> 1362
pass: 1, sub_pass: 363 -> 1363
pass: 1, sub_pass: 364 -> 1364
pass: 1, sub_pass: 365 -> 1365
pass: 1, sub_pass: 366 -> 1366
pass: 1, sub_pass: 367 -> 1367
pass: 1, sub_pass: 368 -> 1368
pass: 1, sub_pass: 369 -> 1369
pass: 1, sub_pass: 370 -> 1370
pass: 1, sub_pass: 371 -> 1371
pass: 1, sub_pass: 372 -> 1372
pass: 1, sub_pass: 373 -> 1373
pass: 1, sub_pass: 374 -> 1374
pass: 1, sub_pass: 375 -> 1375
pass: 1, sub_pass: 376 -> 1376
pass: 1, sub_pass: 377 -> 1377
pass: 1, sub_pass: 378 -> 1378
pass: 1, sub_pass: 379 -> 1379
pass: 1, sub_pass: 380 -> 1380
pass: 1, sub_pass: 381 -> 1381
pass: 1, sub_pass: 382 -> 1382
pass: 1, sub_pass: 383 -> 1383
pass: 1, sub_pass: 384 -> 1384
pass: 1, sub_pass: 385 -> 1385
pass: 1, sub_pass: 386 -> 1386
pass: 1, sub_pass: 387 -> 1387
pass: 1, sub_pass: 388 -> 1388
pass: 1, sub_pass: 389 -> 1389
pass: 1, sub_pass: 390 -> 1390
pass: 1, sub_pass: 391 -> 1391
pass: 1, sub_pass: 392 -> 1392
pass: 1, sub_pass: 393 -> 1393
pass: 1, sub_pass: 394 -> 1394
pass: 1, sub_pass: 395 -> 1395
pass: 1, sub_pass: 396 -> 1396
pass: 1, sub_pass: 397 -> 1397
pass: 1, sub_pass: 398 -> 1398
pass: 1, sub_pass: 399 -> 1399
pass: 1, sub_pass: 400 -> 1400
pass: 1, sub_pass: 401 -> 1401
pass: 1, sub_pass: 402 -> 1402
pass: 1, sub_pass: 403 -> 1403
pass: 1, sub_pass: 404 -> 1404
pass: 1, sub_pass: 405 -> 1405
pass: 1, sub_pass: 406 -> 1406
pass: 1, sub_pass: 407 -> 1407
pass: 1, sub_pass: 408 -> 1408
pass: 1, sub_pass: 409 -> 1409
pass: 1, sub_pass: 410 -> 1410
pass: 1, sub_pass: 411 -> 1411
pass: 1, sub_pass: 412 -> 1412
pass: 1, sub_pass: 413 -> 1413
pass: 1, sub_pass: 414 -> 1414
pass: 1, sub_pass: 415 -> 1415
pass: 1, sub_pass: 416 -> 1416
pass: 1, sub_pass: 417 -> 1417
pass: 1, sub_pass: 418 -> 1418
pass: 1, sub_pass: 419 -> 1419
pass: 1, sub_pass: 420 -> 1420
pass: 1, sub_pass: 421 -> 1421
pass: 1, sub_pass: 422 -> 1422
pass: 1, sub_pass: 423 -> 1423
pass: 1, sub_pass: 424 -> 1424
pass: 1, sub_pass: 425 -> 1425
pass: 1, sub_pass: 426 -> 1426
pass: 1, sub_pass: 427 -> 1427
pass: 1, sub_pass: 428 -> 1428
pass: 1, sub_pass: 429 -> 1429
pass: 1, sub_pass: 430 -> 1430
pass: 1, sub_pass: 431 -> 1431
pass: 1, sub_pass: 432 -> 1432
pass: 1, sub_pass: 433 -> 1433
pass: 1, sub_pass: 434 -> 1434
pass: 1, sub_pass: 435 -> 1435
pass: 1, sub_pass: 436 -> 1436
pass: 1, sub_pass: 437 -> 1437
pass: 1, sub_pass: 438 -> 1438
pass: 1, sub_pass: 439 -> 1439
pass: 1, sub_pass: 440 -> 1440
pass: 1, sub_pass: 441 -> 1441
pass: 1, sub_pass: 442 -> 1442
pass: 1, sub_pass: 443 -> 1443
pass: 1, sub_pass: 444 -> 1444
pass: 1, sub_pass: 445 -> 1445
pass: 1, sub_pass: 446 -> 1446
pass: 1, sub_pass: 447 -> 1447
pass: 1, sub_pass: 448 -> 1448
pass: 1, sub_pass: 449 -> 1449
pass: 1, sub_pass: 450 -> 1450
pass: 1, sub_pass: 451 -> 1451
pass: 1, sub_pass: 452 -> 1452
pass: 1, sub_pass: 453 -> 1453
pass: 1, sub_pass: 454 -> 1454
pass: 1, sub_pass: 455 -> 1455
pass: 1, sub_pass: 456 -> 1456
pass: 1, sub_pass: 457 -> 1457
pass: 1, sub_pass: 458 -> 1458
pass: 1, sub_pass: 459 -> 1459
pass: 1, sub_pass: 460 -> 1460
pass: 1, sub_pass: 461 -> 1461
pass: 1, sub_pass: 462 -> 1462
pass: 1, sub_pass: 463 -> 1463
pass: 1, sub_pass: 464 -> 1464
pass: 1, sub_pass: 465 -> 1465
pass: 1, sub_pass: 466 -> 1466
pass: 1, sub_pass: 467 -> 1467
pass: 1, sub_pass: 468 -> 1468
pass: 1, sub_pass: 469 -> 1469
pass: 1, sub_pass: 470 -> 1470
pass: 1, sub_pass: 471 -> 1471
pass: 1, sub_pass: 472 -> 1472
pass: 1, sub_pass: 473 -> 1473
pass: 1, sub_pass: 474 -> 1474
pass: 1, sub_pass: 475 -> 1475
pass: 1, sub_pass: 476 -> 1476
pass: 1, sub_pass: 477 -> 1477
pass: 1, sub_pass: 478 -> 1478
pass: 1, sub_pass: 479 -> 1479
pass: 1, sub_pass: 480 -> 1480
pass: 1, sub_pass: 481 -> 1481
pass: 1, sub_pass: 482 -> 1482
pass: 1, sub_pass: 483 -> 1483
pass: 1, sub_pass: 484 -> 1484
pass: 1, sub_pass: 485 -> 1485
pass: 1, sub_pass: 486 -> 1486
pass: 1, sub_pass: 487 -> 1487
pass: 1, sub_pass: 488 -> 1488
pass: 1, sub_pass: 489 -> 1489
pass: 1, sub_pass: 490 -> 1490
pass: 1, sub_pass: 491 -> 1491
pass: 1, sub_pass: 492 -> 1492
pass: 1, sub_pass: 493 -> 1493
pass: 1, sub_pass: 494 -> 1494
pass: 1, sub_pass: 495 -> 1495
pass: 1, sub_pass: 496 -> 1496
pass: 1, sub_pass: 497 -> 1497
pass: 1, sub_pass: 498 -> 1498
pass: 1, sub_pass: 499 -> 1499
pass: 1, sub_pass: 500 -> 1500
pass: 1, sub_pass: 501 -> 1501
pass: 1, sub_pass: 502 -> 1502
pass: 1, sub_pass: 503 -> 1503
pass: 1, sub_pass: 504 -> 1504
pass: 1, sub_pass: 505 -> 1505
pass: 1, sub_pass: 506 -> 1506
pass: 1, sub_pass: 507 -> 1507
pass: 1, sub_pass: 508 -> 1508
pass: 1, sub_pass: 509 -> 1509
pass: 1, sub_pass: 510 -> 1510
pass: 1, sub_pass: 511 -> 1511
pass: 1, sub_pass: 512 -> 1512
pass: 1, sub_pass: 513 -> 1513
pass: 1, sub_pass: 514 -> 1514
pass: 1, sub_pass: 515 -> 1515
pass: 1, sub_pass: 516 -> 1516
pass: 1, sub_pass: 517 -> 1517
pass: 1, sub_pass: 518 -> 1518
pass: 1, sub_pass: 519 -> 1519
pass: 1, sub_pass: 520 -> 1520
pass: 1, sub_pass: 521 -> 1521
pass: 1, sub_pass: 522 -> 1522
pass: 1, sub_pass: 523 -> 1523
pass: 1, sub_pass: 524 -> 1524
pass: 1, sub_pass: 525 -> 1525
pass: 1, sub_pass: 526 -> 1526
pass: 1, sub_pass: 527 -> 1527
pass: 1, sub_pass: 528 -> 1528
pass: 1, sub_pass: 529 -> 1529
pass: 1, sub_pass: 530 -> 1530
pass: 1, sub_pass: 531 -> 1531
pass: 1, sub_pass: 532 -> 1532
pass: 1, sub_pass: 533 -> 1533
pass: 1, sub_pass: 534 -> 1534
pass: 1, sub_pass: 535 -> 1535
pass: 1, sub_pass: 536 -> 1536
pass: 1, sub_pass: 537 -> 1537
pass: 1, sub_pass: 538 -> 1538
pass: 1, sub_pass: 539 -> 1539
pass: 1, sub_pass: 540 -> 1540
pass: 1, sub_pass: 541 -> 1541
pass: 1, sub_pass: 542 -> 1542
pass: 1, sub_pass: 543 -> 1543
pass: 1, sub_pass: 544 -> 1544
pass: 1, sub_pass: 545 -> 1545
pass: 1, sub_pass: 546 -> 1546
pass: 1, sub_pass: 547 -> 1547
pass: 1, sub_pass: 548 -> 1548
pass: 1, sub_pass: 549 -> 1549
pass: 1, sub_pass: 550 -> 1550
pass: 1, sub_pass: 551 -> 1551
pass: 1, sub_pass: 552 -> 1552
pass: 1, sub_pass: 553 -> 1553
pass: 1, sub_pass: 554 -> 1554
pass: 1, sub_pass: 555 -> 1555
pass: 1, sub_pass: 556 -> 1556
pass: 1, sub_pass: 557 -> 1557
pass: 1, sub_pass: 558 -> 1558
pass: 1, sub_pass: 559 -> 1559
pass: 1, sub_pass: 560 -> 1560
pass: 1, sub_pass: 561 -> 1561
pass: 1, sub_pass: 562 -> 1562
pass: 1, sub_pass: 563 -> 1563
pass: 1, sub_pass: 564 -> 1564
pass: 1, sub_pass: 565 -> 1565
pass: 1, sub_pass: 566 -> 1566
pass: 1, sub_pass: 567 -> 1567
pass: 1, sub_pass: 568 -> 1568
pass: 1, sub_pass: 569 -> 1569
pass: 1, sub_pass: 570 -> 1570
pass: 1, sub_pass: 571 -> 1571
pass: 1, sub_pass: 572 -> 1572
pass: 1, sub_pass: 573 -> 1573
pass: 1, sub_pass: 574 -> 1574
pass: 1, sub_pass: 575 -> 1575
pass: 1, sub_pass: 576 -> 1576
pass: 1, sub_pass: 577 -> 1577
pass: 1, sub_pass: 578 -> 1578
pass: 1, sub_pass: 579 -> 1579
pass: 1, sub_pass: 580 -> 1580
pass: 1, sub_pass: 581 -> 1581
pass: 1, sub_pass: 582 -> 1582
pass: 1, sub_pass: 583 -> 1583
pass: 1, sub_pass: 584 -> 1584
pass: 1, sub_pass: 585 -> 1585
pass: 1, sub_pass: 586 -> 1586
pass: 1, sub_pass: 587 -> 1587
pass: 1, sub_pass: 588 -> 1588
pass: 1, sub_pass: 589 -> 1589
pass: 1, sub_pass: 590 -> 1590
pass: 1, sub_pass: 591 -> 1591
pass: 1, sub_pass: 592 -> 1592
pass: 1, sub_pass: 593 -> 1593
pass: 1, sub_pass: 594 -> 1594
pass: 1, sub_pass: 595 -> 1595
pass: 1, sub_pass: 596 -> 1596
pass: 1, sub_pass: 597 -> 1597
pass: 1, sub_pass: 598 -> 1598
pass: 1, sub_pass: 599 -> 1599
pass: 1, sub_pass: 600 -> 1600
pass: 1, sub_pass: 601 -> 1601
pass: 1, sub_pass: 602 -> 1602
pass: 1, sub_pass: 603 -> 1603
pass: 1, sub_pass: 604 -> 1604
pass: 1, sub_pass: 605 -> 1605
pass: 1, sub_pass: 606 -> 1606
pass: 1, sub_pass: 607 -> 1607
pass: 1, sub_pass: 608 -> 1608
pass: 1, sub_pass: 609 -> 1609
pass: 1, sub_pass: 610 -> 1610
pass: 1, sub_pass: 611 -> 1611
pass: 1, sub_pass: 612 -> 1612
pass: 1, sub_pass: 613 -> 1613
pass: 1, sub_pass: 614 -> 1614
pass: 1, sub_pass: 615 -> 1615
pass: 1, sub_pass: 616 -> 1616
pass: 1, sub_pass: 617 -> 1617
pass: 1, sub_pass: 618 -> 1618
pass: 1, sub_pass: 619 -> 1619
pass: 1, sub_pass: 620 -> 1620
pass: 1, sub_pass: 621 -> 1621
pass: 1, sub_pass: 622 -> 1622
pass: 1, sub_pass: 623 -> 1623
pass: 1, sub_pass: 624 -> 1624
pass: 1, sub_pass: 625 -> 1625
pass: 1, sub_pass: 626 -> 1626
pass: 1, sub_pass: 627 -> 1627
pass: 1, sub_pass: 628 -> 1628
pass: 1, sub_pass: 629 -> 1629
pass: 1, sub_pass: 630 -> 1630
pass: 1, sub_pass: 631 -> 1631
pass: 1, sub_pass: 632 -> 1632
pass: 1, sub_pass: 633 -> 1633
pass: 1, sub_pass: 634 -> 1634
pass: 1, sub_pass: 635 -> 1635
pass: 1, sub_pass: 636 -> 1636
pass: 1, sub_pass: 637 -> 1637
pass: 1, sub_pass: 638 -> 1638
pass: 1, sub_pass: 639 -> 1639
pass: 1, sub_pass: 640 -> 1640
pass: 1, sub_pass: 641 -> 1641
pass: 1, sub_pass: 642 -> 1642
pass: 1, sub_pass: 643 -> 1643
pass: 1, sub_pass: 644 -> 1644
pass: 1, sub_pass: 645 -> 1645
pass: 1, sub_pass: 646 -> 1646
pass: 1, sub_pass: 647 -> 1647
pass: 1, sub_pass: 648 -> 1648
pass: 1, sub_pass: 649 -> 1649
pass: 1, sub_pass: 650 -> 1650
pass: 1, sub_pass: 651 -> 1651
pass: 1, sub_pass: 652 -> 1652
pass: 1, sub_pass: 653 -> 1653
pass: 1, sub_pass: 654 -> 1654
pass: 1, sub_pass: 655 -> 1655
pass: 1, sub_pass: 656 -> 1656
pass: 1, sub_pass: 657 -> 1657
pass: 1, sub_pass: 658 -> 1658
pass: 1, sub_pass: 659 -> 1659
pass: 1, sub_pass: 660 -> 1660
pass: 1, sub_pass: 661 -> 1661
pass: 1, sub_pass: 662 -> 1662
pass: 1, sub_pass: 663 -> 1663
pass: 1, sub_pass: 664 -> 1664
pass: 1, sub_pass: 665 -> 1665
pass: 1, sub_pass: 666 -> 1666
pass: 1, sub_pass: 667 -> 1667
pass: 1, sub_pass: 668 -> 1668
pass: 1, sub_pass: 669 -> 1669
pass: 1, sub_pass: 670 -> 1670
pass: 1, sub_pass: 671 -> 1671
pass: 1, sub_pass: 672 -> 1672
pass: 1, sub_pass: 673 -> 1673
pass: 1, sub_pass: 674 -> 1674
pass: 1, sub_pass: 675 -> 1675
pass: 1, sub_pass: 676 -> 1676
pass: 1, sub_pass: 677 -> 1677
pass: 1, sub_pass: 678 -> 1678
pass: 1, sub_pass: 679 -> 1679
pass: 1, sub_pass: 680 -> 1680
pass: 1, sub_pass: 681 -> 1681
pass: 1, sub_pass: 682 -> 1682
pass: 1, sub_pass: 683 -> 1683
pass: 1, sub_pass: 684 -> 1684
pass: 1, sub_pass: 685 -> 1685
pass: 1, sub_pass: 686 -> 1686
pass: 1, sub_pass: 687 -> 1687
pass: 1, sub_pass: 688 -> 1688
pass: 1, sub_pass: 689 -> 1689
pass: 1, sub_pass: 690 -> 1690
pass: 1, sub_pass: 691 -> 1691
pass: 1, sub_pass: 692 -> 1692
pass: 1, sub_pass: 693 -> 1693
pass: 1, sub_pass: 694 -> 1694
pass: 1, sub_pass: 695 -> 1695
pass: 1, sub_pass: 696 -> 1696
pass: 1, sub_pass: 697 -> 1697
pass: 1, sub_pass: 698 -> 1698
pass: 1, sub_pass: 699 -> 1699
pass: 1, sub_pass: 700 -> 1700
pass: 1, sub_pass: 701 -> 1701
pass: 1, sub_pass: 702 -> 1702
pass: 1, sub_pass: 703 -> 1703
pass: 1, sub_pass: 704 -> 1704
pass: 1, sub_pass: 705 -> 1705
pass: 1, sub_pass: 706 -> 1706
pass: 1, sub_pass: 707 -> 1707
pass: 1, sub_pass: 708 -> 1708
pass: 1, sub_pass: 709 -> 1709
pass: 1, sub_pass: 710 -> 1710
pass: 1, sub_pass: 711 -> 1711
pass: 1, sub_pass: 712 -> 1712
pass: 1, sub_pass: 713 -> 1713
pass: 1, sub_pass: 714 -> 1714
pass: 1, sub_pass: 715 -> 1715
pass: 1, sub_pass: 716 -> 1716
pass: 1, sub_pass: 717 -> 1717
pass: 1, sub_pass: 718 -> 1718
pass: 1, sub_pass: 719 -> 1719
pass: 1, sub_pass: 720 -> 1720
pass: 1, sub_pass: 721 -> 1721
pass: 1, sub_pass: 722 -> 1722
pass: 1, sub_pass: 723 -> 1723
pass: 1, sub_pass: 724 -> 1724
pass: 1, sub_pass: 725 -> 1725
pass: 1, sub_pass: 726 -> 1726
pass: 1, sub_pass: 727 -> 1727
pass: 1, sub_pass: 728 -> 1728
pass: 1, sub_pass: 729 -> 1729
pass: 1, sub_pass: 730 -> 1730
pass: 1, sub_pass: 731 -> 1731
pass: 1, sub_pass: 732 -> 1732
pass: 1, sub_pass: 733 -> 1733
pass: 1, sub_pass: 734 -> 1734
pass: 1, sub_pass: 735 -> 1735
pass: 1, sub_pass: 736 -> 1736
pass: 1, sub_pass: 737 -> 1737
pass: 1, sub_pass: 738 -> 1738
pass: 1, sub_pass: 739 -> 1739
pass: 1, sub_pass: 740 -> 1740
pass: 1, sub_pass: 741 -> 1741
pass: 1, sub_pass: 742 -> 1742
pass: 1, sub_pass: 743 -> 1743
pass: 1, sub_pass: 744 -> 1744
pass: 1, sub_pass: 745 -> 1745
pass: 1, sub_pass: 746 -> 1746
pass: 1, sub_pass: 747 -> 1747
pass: 1, sub_pass: 748 -> 1748
pass: 1, sub_pass: 749 -> 1749
pass: 1, sub_pass: 750 -> 1750
pass: 1, sub_pass: 751 -> 1751
pass: 1, sub_pass: 752 -> 1752
pass: 1, sub_pass: 753 -> 1753
pass: 1, sub_pass: 754 -> 1754
pass: 1, sub_pass: 755 -> 1755
pass: 1, sub_pass: 756 -> 1756
pass: 1, sub_pass: 757 -> 1757
pass: 1, sub_pass: 758 -> 1758
pass: 1, sub_pass: 759 -> 1759
pass: 1, sub_pass: 760 -> 1760
pass: 1, sub_pass: 761 -> 1761
pass: 1, sub_pass: 762 -> 1762
pass: 1, sub_pass: 763 -> 1763
pass: 1, sub_pass: 764 -> 1764
pass: 1, sub_pass: 765 -> 1765
pass: 1, sub_pass: 766 -> 1766
pass: 1, sub_pass: 767 -> 1767
pass: 1, sub_pass: 768 -> 1768
pass: 1, sub_pass: 769 -> 1769
pass: 1, sub_pass: 770 -> 1770
pass: 1, sub_pass: 771 -> 1771
pass: 1, sub_pass: 772 -> 1772
pass: 1, sub_pass: 773 -> 1773
pass: 1, sub_pass: 774 -> 1774
pass: 1, sub_pass: 775 -> 1775
pass: 1, sub_pass: 776 -> 1776
pass: 1, sub_pass: 777 -> 1777
pass: 1, sub_pass: 778 -> 1778
pass: 1, sub_pass: 779 -> 1779
pass: 1, sub_pass: 780 -> 1780
pass: 1, sub_pass: 781 -> 1781
pass: 1, sub_pass: 782 -> 1782
pass: 1, sub_pass: 783 -> 1783
pass: 1, sub_pass: 784 -> 1784
pass: 1, sub_pass: 785 -> 1785
pass: 1, sub_pass: 786 -> 1786
pass: 1, sub_pass: 787 -> 1787
pass: 1, sub_pass: 788 -> 1788
pass: 1, sub_pass: 789 -> 1789
pass: 1, sub_pass: 790 -> 1790
pass: 1, sub_pass: 791 -> 1791
pass: 1, sub_pass: 792 -> 1792
pass: 1, sub_pass: 793 -> 1793
pass: 1, sub_pass: 794 -> 1794
pass: 1, sub_pass: 795 -> 1795
pass: 1, sub_pass: 796 -> 1796
pass: 1, sub_pass: 797 -> 1797
pass: 1, sub_pass: 798 -> 1798
pass: 1, sub_pass: 799 -> 1799
pass: 1, sub_pass: 800 -> 1800
pass: 1, sub_pass: 801 -> 1801
pass: 1, sub_pass: 802 -> 1802
pass: 1, sub_pass: 803 -> 1803
pass: 1, sub_pass: 804 -> 1804
pass: 1, sub_pass: 805 -> 1805
pass: 1, sub_pass: 806 -> 1806
pass: 1, sub_pass: 807 -> 1807
pass: 1, sub_pass: 808 -> 1808
pass: 1, sub_pass: 809 -> 1809
pass: 1, sub_pass: 810 -> 1810
pass: 1, sub_pass: 811 -> 1811
pass: 1, sub_pass: 812 -> 1812
pass: 1, sub_pass: 813 -> 1813
pass: 1, sub_pass: 814 -> 1814
pass: 1, sub_pass: 815 -> 1815
pass: 1, sub_pass: 816 -> 1816
pass: 1, sub_pass: 817 -> 1817
pass: 1, sub_pass: 818 -> 1818
pass: 1, sub_pass: 819 -> 1819
pass: 1, sub_pass: 820 -> 1820
pass: 1, sub_pass: 821 -> 1821
pass: 1, sub_pass: 822 -> 1822
pass: 1, sub_pass: 823 -> 1823
pass: 1, sub_pass: 824 -> 1824
pass: 1, sub_pass: 825 -> 1825
pass: 1, sub_pass: 826 -> 1826
pass: 1, sub_pass: 827 -> 1827
pass: 1, sub_pass: 828 -> 1828
pass: 1, sub_pass: 829 -> 1829
pass: 1, sub_pass: 830 -> 1830
pass: 1, sub_pass: 831 -> 1831
pass: 1, sub_pass: 832 -> 1832
pass: 1, sub_pass: 833 -> 1833
pass: 1, sub_pass: 834 -> 1834
pass: 1, sub_pass: 835 -> 1835
pass: 1, sub_pass: 836 -> 1836
pass: 1, sub_pass: 837 -> 1837
pass: 1, sub_pass: 838 -> 1838
pass: 1, sub_pass: 839 -> 1839
pass: 1, sub_pass: 840 -> 1840
pass: 1, sub_pass: 841 -> 1841
pass: 1, sub_pass: 842 -> 1842
pass: 1, sub_pass: 843 -> 1843
pass: 1, sub_pass: 844 -> 1844
pass: 1, sub_pass: 845 -> 1845
pass: 1, sub_pass: 846 -> 1846
pass: 1, sub_pass: 847 -> 1847
pass: 1, sub_pass: 848 -> 1848
pass: 1, sub_pass: 849 -> 1849
pass: 1, sub_pass: 850 -> 1850
pass: 1, sub_pass: 851 -> 1851
pass: 1, sub_pass: 852 -> 1852
pass: 1, sub_pass: 853 -> 1853
pass: 1, sub_pass: 854 -> 1854
pass: 1, sub_pass: 855 -> 1855
pass: 1, sub_pass: 856 -> 1856
pass: 1, sub_pass: 857 -> 1857
pass: 1, sub_pass: 858 -> 1858
pass: 1, sub_pass: 859 -> 1859
pass: 1, sub_pass: 860 -> 1860
pass: 1, sub_pass: 861 -> 1861
pass: 1, sub_pass: 862 -> 1862
pass: 1, sub_pass: 863 -> 1863
pass: 1, sub_pass: 864 -> 1864
pass: 1, sub_pass: 865 -> 1865
pass: 1, sub_pass: 866 -> 1866
pass: 1, sub_pass: 867 -> 1867
pass: 1, sub_pass: 868 -> 1868
pass: 1, sub_pass: 869 -> 1869
pass: 1, sub_pass: 870 -> 1870
pass: 1, sub_pass: 871 -> 1871
pass: 1, sub_pass: 872 -> 1872
pass: 1, sub_pass: 873 -> 1873
pass: 1, sub_pass: 874 -> 1874
pass: 1, sub_pass: 875 -> 1875
pass: 1, sub_pass: 876 -> 1876
pass: 1, sub_pass: 877 -> 1877
pass: 1, sub_pass: 878 -> 1878
pass: 1, sub_pass: 879 -> 1879
pass: 1, sub_pass: 880 -> 1880
pass: 1, sub_pass: 881 -> 1881
pass: 1, sub_pass: 882 -> 1882
pass: 1, sub_pass: 883 -> 1883
pass: 1, sub_pass: 884 -> 1884
pass: 1, sub_pass: 885 -> 1885
pass: 1, sub_pass: 886 -> 1886
pass: 1, sub_pass: 887 -> 1887
pass: 1, sub_pass: 888 -> 1888
pass: 1, sub_pass: 889 -> 1889
pass: 1, sub_pass: 890 -> 1890
pass: 1, sub_pass: 891 -> 1891
pass: 1, sub_pass: 892 -> 1892
pass: 1, sub_pass: 893 -> 1893
pass: 1, sub_pass: 894 -> 1894
pass: 1, sub_pass: 895 -> 1895
pass: 1, sub_pass: 896 -> 1896
pass: 1, sub_pass: 897 -> 1897
pass: 1, sub_pass: 898 -> 1898
pass: 1, sub_pass: 899 -> 1899
pass: 1, sub_pass: 900 -> 1900
pass: 1, sub_pass: 901 -> 1901
pass: 1, sub_pass: 902 -> 1902
pass: 1, sub_pass: 903 -> 1903
pass: 1, sub_pass: 904 -> 1904
pass: 1, sub_pass: 905 -> 1905
pass: 1, sub_pass: 906 -> 1906
pass: 1, sub_pass: 907 -> 1907
pass: 1, sub_pass: 908 -> 1908
pass: 1, sub_pass: 909 -> 1909
pass: 1, sub_pass: 910 -> 1910
pass: 1, sub_pass: 911 -> 1911
pass: 1, sub_pass: 912 -> 1912
pass: 1, sub_pass: 913 -> 1913
pass: 1, sub_pass: 914 -> 1914
pass: 1, sub_pass: 915 -> 1915
pass: 1, sub_pass: 916 -> 1916
pass: 1, sub_pass: 917 -> 1917
pass: 1, sub_pass: 918 -> 1918
pass: 1, sub_pass: 919 -> 1919
pass: 1, sub_pass: 920 -> 1920
pass: 1, sub_pass: 921 -> 1921
pass: 1, sub_pass: 922 -> 1922
pass: 1, sub_pass: 923 -> 1923
pass: 1, sub_pass: 924 -> 1924
pass: 1, sub_pass: 925 -> 1925
pass: 1, sub_pass: 926 -> 1926
pass: 1, sub_pass: 927 -> 1927
pass: 1, sub_pass: 928 -> 1928
pass: 1, sub_pass: 929 -> 1929
pass: 1, sub_pass: 930 -> 1930
pass: 1, sub_pass: 931 -> 1931
pass: 1, sub_pass: 932 -> 1932
pass: 1, sub_pass: 933 -> 1933
pass: 1, sub_pass: 934 -> 1934
pass: 1, sub_pass: 935 -> 1935
pass: 1, sub_pass: 936 -> 1936
pass: 1, sub_pass: 937 -> 1937
pass: 1, sub_pass: 938 -> 1938
pass: 1, sub_pass: 939 -> 1939
pass: 1, sub_pass: 940 -> 1940
pass: 1, sub_pass: 941 -> 1941
pass: 1, sub_pass: 942 -> 1942
pass: 1, sub_pass: 943 -> 1943
pass: 1, sub_pass: 944 -> 1944
pass: 1, sub_pass: 945 -> 1945
pass: 1, sub_pass: 946 -> 1946
pass: 1, sub_pass: 947 -> 1947
pass: 1, sub_pass: 948 -> 1948
pass: 1, sub_pass: 949 -> 1949
pass: 1, sub_pass: 950 -> 1950
pass: 1, sub_pass: 951 -> 1951
pass: 1, sub_pass: 952 -> 1952
pass: 1, sub_pass: 953 -> 1953
pass: 1, sub_pass: 954 -> 1954
pass: 1, sub_pass: 955 -> 1955
pass: 1, sub_pass: 956 -> 1956
pass: 1, sub_pass: 957 -> 1957
pass: 1, sub_pass: 958 -> 1958
pass: 1, sub_pass: 959 -> 1959
pass: 1, sub_pass: 960 -> 1960
pass: 1, sub_pass: 961 -> 1961
pass: 1, sub_pass: 962 -> 1962
pass: 1, sub_pass: 963 -> 1963
pass: 1, sub_pass: 964 -> 1964
pass: 1, sub_pass: 965 -> 1965
pass: 1, sub_pass: 966 -> 1966
pass: 1, sub_pass: 967 -> 1967
pass: 1, sub_pass: 968 -> 1968
pass: 1, sub_pass: 969 -> 1969
pass: 1, sub_pass: 970 -> 1970
pass: 1, sub_pass: 971 -> 1971
pass: 1, sub_pass: 972 -> 1972
pass: 1, sub_pass: 973 -> 1973
pass: 1, sub_pass: 974 -> 1974
pass: 1, sub_pass: 975 -> 1975
pass: 1, sub_pass: 976 -> 1976
pass: 1, sub_pass: 977 -> 1977
pass: 1, sub_pass: 978 -> 1978
pass: 1, sub_pass: 979 -> 1979
pass: 1, sub_pass: 980 -> 1980
pass: 1, sub_pass: 981 -> 1981
pass: 1, sub_pass: 982 -> 1982
pass: 1, sub_pass: 983 -> 1983
pass: 1, sub_pass: 984 -> 1984
pass: 1, sub_pass: 985 -> 1985
pass: 1, sub_pass: 986 -> 1986
pass: 1, sub_pass: 987 -> 1987
pass: 1, sub_pass: 988 -> 1988
pass: 1, sub_pass: 989 -> 1989
pass: 1, sub_pass: 990 -> 1990
pass: 1, sub_pass: 991 -> 1991
pass: 1, sub_pass: 992 -> 1992
pass: 1, sub_pass: 993 -> 1993
pass: 1, sub_pass: 994 -> 1994
pass: 1, sub_pass: 995 -> 1995
pass: 1, sub_pass: 996 -> 1996
pass: 1, sub_pass: 997 -> 1997
pass: 1, sub_pass: 998 -> 1998
pass: 1, sub_pass: 999 -> 1999
pass: 2, sub_pass: 0 -> 2000
pass: 2, sub_pass: 1 -> 2001
pass: 2, sub_pass: 2 -> 2002
pass: 2, sub_pass: 3 -> 2003
pass: 2, sub_pass: 4 -> 2004
pass: 2, sub_pass: 5 -> 2005
pass: 2, sub_pass: 6 -> 2006
pass: 2, sub_pass: 7 -> 2007
pass: 2, sub_pass: 8 -> 2008
pass: 2, sub_pass: 9 -> 2009
pass: 2, sub_pass: 10 -> 2010
pass: 2, sub_pass: 11 -> 2011
pass: 2, sub_pass: 12 -> 2012
pass: 2, sub_pass: 13 -> 2013
pass: 2, sub_pass: 14 -> 2014
pass: 2, sub_pass: 15 -> 2015
pass: 2, sub_pass: 16 -> 2016
pass: 2, sub_pass: 17 -> 2017
pass: 2, sub_pass: 18 -> 2018
pass: 2, sub_pass: 19 -> 2019
pass: 2, sub_pass: 20 -> 2020
pass: 2, sub_pass: 21 -> 2021
pass: 2, sub_pass: 22 -> 2022
pass: 2, sub_pass: 23 -> 2023
pass: 2, sub_pass: 24 -> 2024
pass: 2, sub_pass: 25 -> 2025
pass: 2, sub_pass: 26 -> 2026
pass: 2, sub_pass: 27 -> 2027
pass: 2, sub_pass: 28 -> 2028
pass: 2, sub_pass: 29 -> 2029
pass: 2, sub_pass: 30 -> 2030
pass: 2, sub_pass: 31 -> 2031
pass: 2, sub_pass: 32 -> 2032
pass: 2, sub_pass: 33 -> 2033
pass: 2, sub_pass: 34 -> 2034
pass: 2, sub_pass: 35 -> 2035
pass: 2, sub_pass: 36 -> 2036
pass: 2, sub_pass: 37 -> 2037
pass: 2, sub_pass: 38 -> 2038
pass: 2, sub_pass: 39 -> 2039
pass: 2, sub_pass: 40 -> 2040
pass: 2, sub_pass: 41 -> 2041
pass: 2, sub_pass: 42 -> 2042
pass: 2, sub_pass: 43 -> 2043
pass: 2, sub_pass: 44 -> 2044
pass: 2, sub_pass: 45 -> 2045
pass: 2, sub_pass: 46 -> 2046
pass: 2, sub_pass: 47 -> 2047
pass: 2, sub_pass: 48 -> 2048
pass: 2, sub_pass: 49 -> 2049
pass: 2, sub_pass: 50 -> 2050
pass: 2, sub_pass: 51 -> 2051
pass: 2, sub_pass: 52 -> 2052
pass: 2, sub_pass: 53 -> 2053
pass: 2, sub_pass: 54 -> 2054
pass: 2, sub_pass: 55 -> 2055
pass: 2, sub_pass: 56 -> 2056
pass: 2, sub_pass: 57 -> 2057
pass: 2, sub_pass: 58 -> 2058
pass: 2, sub_pass: 59 -> 2059
pass: 2, sub_pass: 60 -> 2060
pass: 2, sub_pass: 61 -> 2061
pass: 2, sub_pass: 62 -> 2062
pass: 2, sub_pass: 63 -> 2063
pass: 2, sub_pass: 64 -> 2064
pass: 2, sub_pass: 65 -> 2065
pass: 2, sub_pass: 66 -> 2066
pass: 2, sub_pass: 67 -> 2067
pass: 2, sub_pass: 68 -> 2068
pass: 2, sub_pass: 69 -> 2069
pass: 2, sub_pass: 70 -> 2070
pass: 2, sub_pass: 71 -> 2071
pass: 2, sub_pass: 72 -> 2072
pass: 2, sub_pass: 73 -> 2073
pass: 2, sub_pass: 74 -> 2074
pass: 2, sub_pass: 75 -> 2075
pass: 2, sub_pass: 76 -> 2076
pass: 2, sub_pass: 77 -> 2077
pass: 2, sub_pass: 78 -> 2078
pass: 2, sub_pass: 79 -> 2079
pass: 2, sub_pass: 80 -> 2080
pass: 2, sub_pass: 81 -> 2081
pass: 2, sub_pass: 82 -> 2082
pass: 2, sub_pass: 83 -> 2083
pass: 2, sub_pass: 84 -> 2084
pass: 2, sub_pass: 85 -> 2085
pass: 2, sub_pass: 86 -> 2086
pass: 2, sub_pass: 87 -> 2087
pass: 2, sub_pass: 88 -> 2088
pass: 2, sub_pass: 89 -> 2089
pass: 2, sub_pass: 90 -> 2090
pass: 2, sub_pass: 91 -> 2091
pass: 2, sub_pass: 92 -> 2092
pass: 2, sub_pass: 93 -> 2093
pass: 2, sub_pass: 94 -> 2094
pass: 2, sub_pass: 95 -> 2095
pass: 2, sub_pass: 96 -> 2096
pass: 2, sub_pass: 97 -> 2097
pass: 2, sub_pass: 98 -> 2098
pass: 2, sub_pass: 99 -> 2099
pass: 2, sub_pass: 100 -> 2100
pass: 2, sub_pass: 101 -> 2101
pass: 2, sub_pass: 102 -> 2102
pass: 2, sub_pass: 103 -> 2103
pass: 2, sub_pass: 104 -> 2104
pass: 2, sub_pass: 105 -> 2105
pass: 2, sub_pass: 106 -> 2106
pass: 2, sub_pass: 107 -> 2107
pass: 2, sub_pass: 108 -> 2108
pass: 2, sub_pass: 109 -> 2109
pass: 2, sub_pass: 110 -> 2110
pass: 2, sub_pass: 111 -> 2111
pass: 2, sub_pass: 112 -> 2112
pass: 2, sub_pass: 113 -> 2113
pass: 2, sub_pass: 114 -> 2114
pass: 2, sub_pass: 115 -> 2115
pass: 2, sub_pass: 116 -> 2116
pass: 2, sub_pass: 117 -> 2117
pass: 2, sub_pass: 118 -> 2118
pass: 2, sub_pass: 119 -> 2119
pass: 2, sub_pass: 120 -> 2120
pass: 2, sub_pass: 121 -> 2121
pass: 2, sub_pass: 122 -> 2122
pass: 2, sub_pass: 123 -> 2123
pass: 2, sub_pass: 124 -> 2124
pass: 2, sub_pass: 125 -> 2125
pass: 2, sub_pass: 126 -> 2126
pass: 2, sub_pass: 127 -> 2127
pass: 2, sub_pass: 128 -> 2128
pass: 2, sub_pass: 129 -> 2129
pass: 2, sub_pass: 130 -> 2130
pass: 2, sub_pass: 131 -> 2131
pass: 2, sub_pass: 132 -> 2132
pass: 2, sub_pass: 133 -> 2133
pass: 2, sub_pass: 134 -> 2134
pass: 2, sub_pass: 135 -> 2135
pass: 2, sub_pass: 136 -> 2136
pass: 2, sub_pass: 137 -> 2137
pass: 2, sub_pass: 138 -> 2138
pass: 2, sub_pass: 139 -> 2139
pass: 2, sub_pass: 140 -> 2140
pass: 2, sub_pass: 141 -> 2141
pass: 2, sub_pass: 142 -> 2142
pass: 2, sub_pass: 143 -> 2143
pass: 2, sub_pass: 144 -> 2144
pass: 2, sub_pass: 145 -> 2145
pass: 2, sub_pass: 146 -> 2146
pass: 2, sub_pass: 147 -> 2147
pass: 2, sub_pass: 148 -> 2148
pass: 2, sub_pass: 149 -> 2149
pass: 2, sub_pass: 150 -> 2150
pass: 2, sub_pass: 151 -> 2151
pass: 2, sub_pass: 152 -> 2152
pass: 2, sub_pass: 153 -> 2153
pass: 2, sub_pass: 154 -> 2154
pass: 2, sub_pass: 155 -> 2155
pass: 2, sub_pass: 156 -> 2156
pass: 2, sub_pass: 157 -> 2157
pass: 2, sub_pass: 158 -> 2158
pass: 2, sub_pass: 159 -> 2159
pass: 2, sub_pass: 160 -> 2160
pass: 2, sub_pass: 161 -> 2161
pass: 2, sub_pass: 162 -> 2162
pass: 2, sub_pass: 163 -> 2163
pass: 2, sub_pass: 164 -> 2164
pass: 2, sub_pass: 165 -> 2165
pass: 2, sub_pass: 166 -> 2166
pass: 2, sub_pass: 167 -> 2167
pass: 2, sub_pass: 168 -> 2168
pass: 2, sub_pass: 169 -> 2169
pass: 2, sub_pass: 170 -> 2170
pass: 2, sub_pass: 171 -> 2171
pass: 2, sub_pass: 172 -> 2172
pass: 2, sub_pass: 173 -> 2173
pass: 2, sub_pass: 174 -> 2174
pass: 2, sub_pass: 175 -> 2175
pass: 2, sub_pass: 176 -> 2176
pass: 2, sub_pass: 177 -> 2177
pass: 2, sub_pass: 178 -> 2178
pass: 2, sub_pass: 179 -> 2179
pass: 2, sub_pass: 180 -> 2180
pass: 2, sub_pass: 181 -> 2181
pass: 2, sub_pass: 182 -> 2182
pass: 2, sub_pass: 183 -> 2183
pass: 2, sub_pass: 184 -> 2184
pass: 2, sub_pass: 185 -> 2185
pass: 2, sub_pass: 186 -> 2186
pass: 2, sub_pass: 187 -> 2187
pass: 2, sub_pass: 188 -> 2188
pass: 2, sub_pass: 189 -> 2189
pass: 2, sub_pass: 190 -> 2190
pass: 2, sub_pass: 191 -> 2191
pass: 2, sub_pass: 192 -> 2192
pass: 2, sub_pass: 193 -> 2193
pass: 2, sub_pass: 194 -> 2194
pass: 2, sub_pass: 195 -> 2195
pass: 2, sub_pass: 196 -> 2196
pass: 2, sub_pass: 197 -> 2197
pass: 2, sub_pass: 198 -> 2198
pass: 2, sub_pass: 199 -> 2199
pass: 2, sub_pass: 200 -> 2200
pass: 2, sub_pass: 201 -> 2201
pass: 2, sub_pass: 202 -> 2202
pass: 2, sub_pass: 203 -> 2203
pass: 2, sub_pass: 204 -> 2204
pass: 2, sub_pass: 205 -> 2205
pass: 2, sub_pass: 206 -> 2206
pass: 2, sub_pass: 207 -> 2207
pass: 2, sub_pass: 208 -> 2208
pass: 2, sub_pass: 209 -> 2209
pass: 2, sub_pass: 210 -> 2210
pass: 2, sub_pass: 211 -> 2211
pass: 2, sub_pass: 212 -> 2212
pass: 2, sub_pass: 213 -> 2213
pass: 2, sub_pass: 214 -> 2214
pass: 2, sub_pass: 215 -> 2215
pass: 2, sub_pass: 216 -> 2216
pass: 2, sub_pass: 217 -> 2217
pass: 2, sub_pass: 218 -> 2218
pass: 2, sub_pass: 219 -> 2219
pass: 2, sub_pass: 220 -> 2220
pass: 2, sub_pass: 221 -> 2221
pass: 2, sub_pass: 222 -> 2222
pass: 2, sub_pass: 223 -> 2223
pass: 2, sub_pass: 224 -> 2224
pass: 2, sub_pass: 225 -> 2225
pass: 2, sub_pass: 226 -> 2226
pass: 2, sub_pass: 227 -> 2227
pass: 2, sub_pass: 228 -> 2228
pass: 2, sub_pass: 229 -> 2229
pass: 2, sub_pass: 230 -> 2230
pass: 2, sub_pass: 231 -> 2231
pass: 2, sub_pass: 232 -> 2232
pass: 2, sub_pass: 233 -> 2233
pass: 2, sub_pass: 234 -> 2234
pass: 2, sub_pass: 235 -> 2235
pass: 2, sub_pass: 236 -> 2236
pass: 2, sub_pass: 237 -> 2237
pass: 2, sub_pass: 238 -> 2238
pass: 2, sub_pass: 239 -> 2239
pass: 2, sub_pass: 240 -> 2240
pass: 2, sub_pass: 241 -> 2241
pass: 2, sub_pass: 242 -> 2242
pass: 2, sub_pass: 243 -> 2243
pass: 2, sub_pass: 244 -> 2244
pass: 2, sub_pass: 245 -> 2245
pass: 2, sub_pass: 246 -> 2246
pass: 2, sub_pass: 247 -> 2247
pass: 2, sub_pass: 248 -> 2248
pass: 2, sub_pass: 249 -> 2249
pass: 2, sub_pass: 250 -> 2250
pass: 2, sub_pass: 251 -> 2251
pass: 2, sub_pass: 252 -> 2252
pass: 2, sub_pass: 253 -> 2253
pass: 2, sub_pass: 254 -> 2254
pass: 2, sub_pass: 255 -> 2255
pass: 2, sub_pass: 256 -> 2256
pass: 2, sub_pass: 257 -> 2257
pass: 2, sub_pass: 258 -> 2258
pass: 2, sub_pass: 259 -> 2259
pass: 2, sub_pass: 260 -> 2260
pass: 2, sub_pass: 261 -> 2261
pass: 2, sub_pass: 262 -> 2262
pass: 2, sub_pass: 263 -> 2263
pass: 2, sub_pass: 264 -> 2264
pass: 2, sub_pass: 265 -> 2265
pass: 2, sub_pass: 266 -> 2266
pass: 2, sub_pass: 267 -> 2267
pass: 2, sub_pass: 268 -> 2268
pass: 2, sub_pass: 269 -> 2269
pass: 2, sub_pass: 270 -> 2270
pass: 2, sub_pass: 271 -> 2271
pass: 2, sub_pass: 272 -> 2272
pass: 2, sub_pass: 273 -> 2273
pass: 2, sub_pass: 274 -> 2274
pass: 2, sub_pass: 275 -> 2275
pass: 2, sub_pass: 276 -> 2276
pass: 2, sub_pass: 277 -> 2277
pass: 2, sub_pass: 278 -> 2278
pass: 2, sub_pass: 279 -> 2279
pass: 2, sub_pass: 280 -> 2280
pass: 2, sub_pass: 281 -> 2281
pass: 2, sub_pass: 282 -> 2282
pass: 2, sub_pass: 283 -> 2283
pass: 2, sub_pass: 284 -> 2284
pass: 2, sub_pass: 285 -> 2285
pass: 2, sub_pass: 286 -> 2286
pass: 2, sub_pass: 287 -> 2287
pass: 2, sub_pass: 288 -> 2288
pass: 2, sub_pass: 289 -> 2289
pass: 2, sub_pass: 290 -> 2290
pass: 2, sub_pass: 291 -> 2291
pass: 2, sub_pass: 292 -> 2292
pass: 2, sub_pass: 293 -> 2293
pass: 2, sub_pass: 294 -> 2294
pass: 2, sub_pass: 295 -> 2295
pass: 2, sub_pass: 296 -> 2296
pass: 2, sub_pass: 297 -> 2297
pass: 2, sub_pass: 298 -> 2298
pass: 2, sub_pass: 299 -> 2299
pass: 2, sub_pass: 300 -> 2300
pass: 2, sub_pass: 301 -> 2301
pass: 2, sub_pass: 302 -> 2302
pass: 2, sub_pass: 303 -> 2303
pass: 2, sub_pass: 304 -> 2304
pass: 2, sub_pass: 305 -> 2305
pass: 2, sub_pass: 306 -> 2306
pass: 2, sub_pass: 307 -> 2307
pass: 2, sub_pass: 308 -> 2308
pass: 2, sub_pass: 309 -> 2309
pass: 2, sub_pass: 310 -> 2310
pass: 2, sub_pass: 311 -> 2311
pass: 2, sub_pass: 312 -> 2312
pass: 2, sub_pass: 313 -> 2313
pass: 2, sub_pass: 314 -> 2314
pass: 2, sub_pass: 315 -> 2315
pass: 2, sub_pass: 316 -> 2316
pass: 2, sub_pass: 317 -> 2317
pass: 2, sub_pass: 318 -> 2318
pass: 2, sub_pass: 319 -> 2319
pass: 2, sub_pass: 320 -> 2320
pass: 2, sub_pass: 321 -> 2321
pass: 2, sub_pass: 322 -> 2322
pass: 2, sub_pass: 323 -> 2323
pass: 2, sub_pass: 324 -> 2324
pass: 2, sub_pass: 325 -> 2325
pass: 2, sub_pass: 326 -> 2326
pass: 2, sub_pass: 327 -> 2327
pass: 2, sub_pass: 328 -> 2328
pass: 2, sub_pass: 329 -> 2329
pass: 2, sub_pass: 330 -> 2330
pass: 2, sub_pass: 331 -> 2331
pass: 2, sub_pass: 332 -> 2332
pass: 2, sub_pass: 333 -> 2333
pass: 2, sub_pass: 334 -> 2334
pass: 2, sub_pass: 335 -> 2335
pass: 2, sub_pass: 336 -> 2336
pass: 2, sub_pass: 337 -> 2337
pass: 2, sub_pass: 338 -> 2338
pass: 2, sub_pass: 339 -> 2339
pass: 2, sub_pass: 340 -> 2340
pass: 2, sub_pass: 341 -> 2341
pass: 2, sub_pass: 342 -> 2342
pass: 2, sub_pass: 343 -> 2343
pass: 2, sub_pass: 344 -> 2344
pass: 2, sub_pass: 345 -> 2345
pass: 2, sub_pass: 346 -> 2346
pass: 2, sub_pass: 347 -> 2347
pass: 2, sub_pass: 348 -> 2348
pass: 2, sub_pass: 349 -> 2349
pass: 2, sub_pass: 350 -> 2350
pass: 2, sub_pass: 351 -> 2351
pass: 2, sub_pass: 352 -> 2352
pass: 2, sub_pass: 353 -> 2353
pass: 2, sub_pass: 354 -> 2354
pass: 2, sub_pass: 355 -> 2355
pass: 2, sub_pass: 356 -> 2356
pass: 2, sub_pass: 357 -> 2357
pass: 2, sub_pass: 358 -> 2358
pass: 2, sub_pass: 359 -> 2359
pass: 2, sub_pass: 360 -> 2360
pass: 2, sub_pass: 361 -> 2361
pass: 2, sub_pass: 362 -> 2362
pass: 2, sub_pass: 363 -> 2363
pass: 2, sub_pass: 364 -> 2364
pass: 2, sub_pass: 365 -> 2365
pass: 2, sub_pass: 366 -> 2366
pass: 2, sub_pass: 367 -> 2367
pass: 2, sub_pass: 368 -> 2368
pass: 2, sub_pass: 369 -> 2369
pass: 2, sub_pass: 370 -> 2370
pass: 2, sub_pass: 371 -> 2371
pass: 2, sub_pass: 372 -> 2372
pass: 2, sub_pass: 373 -> 2373
pass: 2, sub_pass: 374 -> 2374
pass: 2, sub_pass: 375 -> 2375
pass: 2, sub_pass: 376 -> 2376
pass: 2, sub_pass: 377 -> 2377
pass: 2, sub_pass: 378 -> 2378
pass: 2, sub_pass: 379 -> 2379
pass: 2, sub_pass: 380 -> 2380
pass: 2, sub_pass: 381 -> 2381
pass: 2, sub_pass: 382 -> 2382
pass: 2, sub_pass: 383 -> 2383
pass: 2, sub_pass: 384 -> 2384
pass: 2, sub_pass: 385 -> 2385
pass: 2, sub_pass: 386 -> 2386
pass: 2, sub_pass: 387 -> 2387
pass: 2, sub_pass: 388 -> 2388
pass: 2, sub_pass: 389 -> 2389
pass: 2, sub_pass: 390 -> 2390
pass: 2, sub_pass: 391 -> 2391
pass: 2, sub_pass: 392 -> 2392
pass: 2, sub_pass: 393 -> 2393
pass: 2, sub_pass: 394 -> 2394
pass: 2, sub_pass: 395 -> 2395
pass: 2, sub_pass: 396 -> 2396
pass: 2, sub_pass: 397 -> 2397
pass: 2, sub_pass: 398 -> 2398
pass: 2, sub_pass: 399 -> 2399
pass: 2, sub_pass: 400 -> 2400
pass: 2, sub_pass: 401 -> 2401
pass: 2, sub_pass: 402 -> 2402
pass: 2, sub_pass: 403 -> 2403
pass: 2, sub_pass: 404 -> 2404
pass: 2, sub_pass: 405 -> 2405
pass: 2, sub_pass: 406 -> 2406
pass: 2, sub_pass: 407 -> 2407
pass: 2, sub_pass: 408 -> 2408
pass: 2, sub_pass: 409 -> 2409
pass: 2, sub_pass: 410 -> 2410
pass: 2, sub_pass: 411 -> 2411
pass: 2, sub_pass: 412 -> 2412
pass: 2, sub_pass: 413 -> 2413
pass: 2, sub_pass: 414 -> 2414
pass: 2, sub_pass: 415 -> 2415
pass: 2, sub_pass: 416 -> 2416
pass: 2, sub_pass: 417 -> 2417
pass: 2, sub_pass: 418 -> 2418
pass: 2, sub_pass: 419 -> 2419
pass: 2, sub_pass: 420 -> 2420
pass: 2, sub_pass: 421 -> 2421
pass: 2, sub_pass: 422 -> 2422
pass: 2, sub_pass: 423 -> 2423
pass: 2, sub_pass: 424 -> 2424
pass: 2, sub_pass: 425 -> 2425
pass: 2, sub_pass: 426 -> 2426
pass: 2, sub_pass: 427 -> 2427
pass: 2, sub_pass: 428 -> 2428
pass: 2, sub_pass: 429 -> 2429
pass: 2, sub_pass: 430 -> 2430
pass: 2, sub_pass: 431 -> 2431
pass: 2, sub_pass: 432 -> 2432
pass: 2, sub_pass: 433 -> 2433
pass: 2, sub_pass: 434 -> 2434
pass: 2, sub_pass: 435 -> 2435
pass: 2, sub_pass: 436 -> 2436
pass: 2, sub_pass: 437 -> 2437
pass: 2, sub_pass: 438 -> 2438
pass: 2, sub_pass: 439 -> 2439
pass: 2, sub_pass: 440 -> 2440
pass: 2, sub_pass: 441 -> 2441
pass: 2, sub_pass: 442 -> 2442
pass: 2, sub_pass: 443 -> 2443
pass: 2, sub_pass: 444 -> 2444
pass: 2, sub_pass: 445 -> 2445
pass: 2, sub_pass: 446 -> 2446
pass: 2, sub_pass: 447 -> 2447
pass: 2, sub_pass: 448 -> 2448
pass: 2, sub_pass: 449 -> 2449
pass: 2, sub_pass: 450 -> 2450
pass: 2, sub_pass: 451 -> 2451
pass: 2, sub_pass: 452 -> 2452
pass: 2, sub_pass: 453 -> 2453
pass: 2, sub_pass: 454 -> 2454
pass: 2, sub_pass: 455 -> 2455
pass: 2, sub_pass: 456 -> 2456
pass: 2, sub_pass: 457 -> 2457
pass: 2, sub_pass: 458 -> 2458
pass: 2, sub_pass: 459 -> 2459
pass: 2, sub_pass: 460 -> 2460
pass: 2, sub_pass: 461 -> 2461
pass: 2, sub_pass: 462 -> 2462
pass: 2, sub_pass: 463 -> 2463
pass: 2, sub_pass: 464 -> 2464
pass: 2, sub_pass: 465 -> 2465
pass: 2, sub_pass: 466 -> 2466
pass: 2, sub_pass: 467 -> 2467
pass: 2, sub_pass: 468 -> 2468
pass: 2, sub_pass: 469 -> 2469
pass: 2, sub_pass: 470 -> 2470
pass: 2, sub_pass: 471 -> 2471
pass: 2, sub_pass: 472 -> 2472
pass: 2, sub_pass: 473 -> 2473
pass: 2, sub_pass: 474 -> 2474
pass: 2, sub_pass: 475 -> 2475
pass: 2, sub_pass: 476 -> 2476
pass: 2, sub_pass: 477 -> 2477
pass: 2, sub_pass: 478 -> 2478
pass: 2, sub_pass: 479 -> 2479
pass: 2, sub_pass: 480 -> 2480
pass: 2, sub_pass: 481 -> 2481
pass: 2, sub_pass: 482 -> 2482
pass: 2, sub_pass: 483 -> 2483
pass: 2, sub_pass: 484 -> 2484
pass: 2, sub_pass: 485 -> 2485
pass: 2, sub_pass: 486 -> 2486
pass: 2, sub_pass: 487 -> 2487
pass: 2, sub_pass: 488 -> 2488
pass: 2, sub_pass: 489 -> 2489
pass: 2, sub_pass: 490 -> 2490
pass: 2, sub_pass: 491 -> 2491
pass: 2, sub_pass: 492 -> 2492
pass: 2, sub_pass: 493 -> 2493
pass: 2, sub_pass: 494 -> 2494
pass: 2, sub_pass: 495 -> 2495
pass: 2, sub_pass: 496 -> 2496
pass: 2, sub_pass: 497 -> 2497
pass: 2, sub_pass: 498 -> 2498
pass: 2, sub_pass: 499 -> 2499
pass: 2, sub_pass: 500 -> 2500
pass: 2, sub_pass: 501 -> 2501
pass: 2, sub_pass: 502 -> 2502
pass: 2, sub_pass: 503 -> 2503
pass: 2, sub_pass: 504 -> 2504
pass: 2, sub_pass: 505 -> 2505
pass: 2, sub_pass: 506 -> 2506
pass: 2, sub_pass: 507 -> 2507
pass: 2, sub_pass: 508 -> 2508
pass: 2, sub_pass: 509 -> 2509
pass: 2, sub_pass: 510 -> 2510
pass: 2, sub_pass: 511 -> 2511
pass: 2, sub_pass: 512 -> 2512
pass: 2, sub_pass: 513 -> 2513
pass: 2, sub_pass: 514 -> 2514
pass: 2, sub_pass: 515 -> 2515
pass: 2, sub_pass: 516 -> 2516
pass: 2, sub_pass: 517 -> 2517
pass: 2, sub_pass: 518 -> 2518
pass: 2, sub_pass: 519 -> 2519
pass: 2, sub_pass: 520 -> 2520
pass: 2, sub_pass: 521 -> 2521
pass: 2, sub_pass: 522 -> 2522
pass: 2, sub_pass: 523 -> 2523
pass: 2, sub_pass: 524 -> 2524
pass: 2, sub_pass: 525 -> 2525
pass: 2, sub_pass: 526 -> 2526
pass: 2, sub_pass: 527 -> 2527
pass: 2, sub_pass: 528 -> 2528
pass: 2, sub_pass: 529 -> 2529
pass: 2, sub_pass: 530 -> 2530
pass: 2, sub_pass: 531 -> 2531
pass: 2, sub_pass: 532 -> 2532
pass: 2, sub_pass: 533 -> 2533
pass: 2, sub_pass: 534 -> 2534
pass: 2, sub_pass: 535 -> 2535
pass: 2, sub_pass: 536 -> 2536
pass: 2, sub_pass: 537 -> 2537
pass: 2, sub_pass: 538 -> 2538
pass: 2, sub_pass: 539 -> 2539
pass: 2, sub_pass: 540 -> 2540
pass: 2, sub_pass: 541 -> 2541
pass: 2, sub_pass: 542 -> 2542
pass: 2, sub_pass: 543 -> 2543
pass: 2, sub_pass: 544 -> 2544
pass: 2, sub_pass: 545 -> 2545
pass: 2, sub_pass: 546 -> 2546
pass: 2, sub_pass: 547 -> 2547
pass: 2, sub_pass: 548 -> 2548
pass: 2, sub_pass: 549 -> 2549
pass: 2, sub_pass: 550 -> 2550
pass: 2, sub_pass: 551 -> 2551
pass: 2, sub_pass: 552 -> 2552
pass: 2, sub_pass: 553 -> 2553
pass: 2, sub_pass: 554 -> 2554
pass: 2, sub_pass: 555 -> 2555
pass: 2, sub_pass: 556 -> 2556
pass: 2, sub_pass: 557 -> 2557
pass: 2, sub_pass: 558 -> 2558
pass: 2, sub_pass: 559 -> 2559
pass: 2, sub_pass: 560 -> 2560
pass: 2, sub_pass: 561 -> 2561
pass: 2, sub_pass: 562 -> 2562
pass: 2, sub_pass: 563 -> 2563
pass: 2, sub_pass: 564 -> 2564
pass: 2, sub_pass: 565 -> 2565
pass: 2, sub_pass: 566 -> 2566
pass: 2, sub_pass: 567 -> 2567
pass: 2, sub_pass: 568 -> 2568
pass: 2, sub_pass: 569 -> 2569
pass: 2, sub_pass: 570 -> 2570
pass: 2, sub_pass: 571 -> 2571
pass: 2, sub_pass: 572 -> 2572
pass: 2, sub_pass: 573 -> 2573
pass: 2, sub_pass: 574 -> 2574
pass: 2, sub_pass: 575 -> 2575
pass: 2, sub_pass: 576 -> 2576
pass: 2, sub_pass: 577 -> 2577
pass: 2, sub_pass: 578 -> 2578
pass: 2, sub_pass: 579 -> 2579
pass: 2, sub_pass: 580 -> 2580
pass: 2, sub_pass: 581 -> 2581
pass: 2, sub_pass: 582 -> 2582
pass: 2, sub_pass: 583 -> 2583
pass: 2, sub_pass: 584 -> 2584
pass: 2, sub_pass: 585 -> 2585
pass: 2, sub_pass: 586 -> 2586
pass: 2, sub_pass: 587 -> 2587
pass: 2, sub_pass: 588 -> 2588
pass: 2, sub_pass: 589 -> 2589
pass: 2, sub_pass: 590 -> 2590
pass: 2, sub_pass: 591 -> 2591
pass: 2, sub_pass: 592 -> 2592
pass: 2, sub_pass: 593 -> 2593
pass: 2, sub_pass: 594 -> 2594
pass: 2, sub_pass: 595 -> 2595
pass: 2, sub_pass: 596 -> 2596
pass: 2, sub_pass: 597 -> 2597
pass: 2, sub_pass: 598 -> 2598
pass: 2, sub_pass: 599 -> 2599
pass: 2, sub_pass: 600 -> 2600
pass: 2, sub_pass: 601 -> 2601
pass: 2, sub_pass: 602 -> 2602
pass: 2, sub_pass: 603 -> 2603
pass: 2, sub_pass: 604 -> 2604
pass: 2, sub_pass: 605 -> 2605
pass: 2, sub_pass: 606 -> 2606
pass: 2, sub_pass: 607 -> 2607
pass: 2, sub_pass: 608 -> 2608
pass: 2, sub_pass: 609 -> 2609
pass: 2, sub_pass: 610 -> 2610
pass: 2, sub_pass: 611 -> 2611
pass: 2, sub_pass: 612 -> 2612
pass: 2, sub_pass: 613 -> 2613
pass: 2, sub_pass: 614 -> 2614
pass: 2, sub_pass: 615 -> 2615
pass: 2, sub_pass: 616 -> 2616
pass: 2, sub_pass: 617 -> 2617
pass: 2, sub_pass: 618 -> 2618
pass: 2, sub_pass: 619 -> 2619
pass: 2, sub_pass: 620 -> 2620
pass: 2, sub_pass: 621 -> 2621
pass: 2, sub_pass: 622 -> 2622
pass: 2, sub_pass: 623 -> 2623
pass: 2, sub_pass: 624 -> 2624
pass: 2, sub_pass: 625 -> 2625
pass: 2, sub_pass: 626 -> 2626
pass: 2, sub_pass: 627 -> 2627
pass: 2, sub_pass: 628 -> 2628
pass: 2, sub_pass: 629 -> 2629
pass: 2, sub_pass: 630 -> 2630
pass: 2, sub_pass: 631 -> 2631
pass: 2, sub_pass: 632 -> 2632
pass: 2, sub_pass: 633 -> 2633
pass: 2, sub_pass: 634 -> 2634
pass: 2, sub_pass: 635 -> 2635
pass: 2, sub_pass: 636 -> 2636
pass: 2, sub_pass: 637 -> 2637
pass: 2, sub_pass: 638 -> 2638
pass: 2, sub_pass: 639 -> 2639
pass: 2, sub_pass: 640 -> 2640
pass: 2, sub_pass: 641 -> 2641
pass: 2, sub_pass: 642 -> 2642
pass: 2, sub_pass: 643 -> 2643
pass: 2, sub_pass: 644 -> 2644
pass: 2, sub_pass: 645 -> 2645
pass: 2, sub_pass: 646 -> 2646
pass: 2, sub_pass: 647 -> 2647
pass: 2, sub_pass: 648 -> 2648
pass: 2, sub_pass: 649 -> 2649
pass: 2, sub_pass: 650 -> 2650
pass: 2, sub_pass: 651 -> 2651
pass: 2, sub_pass: 652 -> 2652
pass: 2, sub_pass: 653 -> 2653
pass: 2, sub_pass: 654 -> 2654
pass: 2, sub_pass: 655 -> 2655
pass: 2, sub_pass: 656 -> 2656
pass: 2, sub_pass: 657 -> 2657
pass: 2, sub_pass: 658 -> 2658
pass: 2, sub_pass: 659 -> 2659
pass: 2, sub_pass: 660 -> 2660
pass: 2, sub_pass: 661 -> 2661
pass: 2, sub_pass: 662 -> 2662
pass: 2, sub_pass: 663 -> 2663
pass: 2, sub_pass: 664 -> 2664
pass: 2, sub_pass: 665 -> 2665
pass: 2, sub_pass: 666 -> 2666
pass: 2, sub_pass: 667 -> 2667
pass: 2, sub_pass: 668 -> 2668
pass: 2, sub_pass: 669 -> 2669
pass: 2, sub_pass: 670 -> 2670
pass: 2, sub_pass: 671 -> 2671
pass: 2, sub_pass: 672 -> 2672
pass: 2, sub_pass: 673 -> 2673
pass: 2, sub_pass: 674 -> 2674
pass: 2, sub_pass: 675 -> 2675
pass: 2, sub_pass: 676 -> 2676
pass: 2, sub_pass: 677 -> 2677
pass: 2, sub_pass: 678 -> 2678
pass: 2, sub_pass: 679 -> 2679
pass: 2, sub_pass: 680 -> 2680
pass: 2, sub_pass: 681 -> 2681
pass: 2, sub_pass: 682 -> 2682
pass: 2, sub_pass: 683 -> 2683
pass: 2, sub_pass: 684 -> 2684
pass: 2, sub_pass: 685 -> 2685
pass: 2, sub_pass: 686 -> 2686
pass: 2, sub_pass: 687 -> 2687
pass: 2, sub_pass: 688 -> 2688
pass: 2, sub_pass: 689 -> 2689
pass: 2, sub_pass: 690 -> 2690
pass: 2, sub_pass: 691 -> 2691
pass: 2, sub_pass: 692 -> 2692
pass: 2, sub_pass: 693 -> 2693
pass: 2, sub_pass: 694 -> 2694
pass: 2, sub_pass: 695 -> 2695
pass: 2, sub_pass: 696 -> 2696
pass: 2, sub_pass: 697 -> 2697
pass: 2, sub_pass: 698 -> 2698
pass: 2, sub_pass: 699 -> 2699
pass: 2, sub_pass: 700 -> 2700
pass: 2, sub_pass: 701 -> 2701
pass: 2, sub_pass: 702 -> 2702
pass: 2, sub_pass: 703 -> 2703
pass: 2, sub_pass: 704 -> 2704
pass: 2, sub_pass: 705 -> 2705
pass: 2, sub_pass: 706 -> 2706
pass: 2, sub_pass: 707 -> 2707
pass: 2, sub_pass: 708 -> 2708
pass: 2, sub_pass: 709 -> 2709
pass: 2, sub_pass: 710 -> 2710
pass: 2, sub_pass: 711 -> 2711
pass: 2, sub_pass: 712 -> 2712
pass: 2, sub_pass: 713 -> 2713
pass: 2, sub_pass: 714 -> 2714
pass: 2, sub_pass: 715 -> 2715
pass: 2, sub_pass: 716 -> 2716
pass: 2, sub_pass: 717 -> 2717
pass: 2, sub_pass: 718 -> 2718
pass: 2, sub_pass: 719 -> 2719
pass: 2, sub_pass: 720 -> 2720
pass: 2, sub_pass: 721 -> 2721
pass: 2, sub_pass: 722 -> 2722
pass: 2, sub_pass: 723 -> 2723
pass: 2, sub_pass: 724 -> 2724
pass: 2, sub_pass: 725 -> 2725
pass: 2, sub_pass: 726 -> 2726
pass: 2, sub_pass: 727 -> 2727
pass: 2, sub_pass: 728 -> 2728
pass: 2, sub_pass: 729 -> 2729
pass: 2, sub_pass: 730 -> 2730
pass: 2, sub_pass: 731 -> 2731
pass: 2, sub_pass: 732 -> 2732
pass: 2, sub_pass: 733 -> 2733
pass: 2, sub_pass: 734 -> 2734
pass: 2, sub_pass: 735 -> 2735
pass: 2, sub_pass: 736 -> 2736
pass: 2, sub_pass: 737 -> 2737
pass: 2, sub_pass: 738 -> 2738
pass: 2, sub_pass: 739 -> 2739
pass: 2, sub_pass: 740 -> 2740
pass: 2, sub_pass: 741 -> 2741
pass: 2, sub_pass: 742 -> 2742
pass: 2, sub_pass: 743 -> 2743
pass: 2, sub_pass: 744 -> 2744
pass: 2, sub_pass: 745 -> 2745
pass: 2, sub_pass: 746 -> 2746
pass: 2, sub_pass: 747 -> 2747
pass: 2, sub_pass: 748 -> 2748
pass: 2, sub_pass: 749 -> 2749
pass: 2, sub_pass: 750 -> 2750
pass: 2, sub_pass: 751 -> 2751
pass: 2, sub_pass: 752 -> 2752
pass: 2, sub_pass: 753 -> 2753
pass: 2, sub_pass: 754 -> 2754
pass: 2, sub_pass: 755 -> 2755
pass: 2, sub_pass: 756 -> 2756
pass: 2, sub_pass: 757 -> 2757
pass: 2, sub_pass: 758 -> 2758
pass: 2, sub_pass: 759 -> 2759
pass: 2, sub_pass: 760 -> 2760
pass: 2, sub_pass: 761 -> 2761
pass: 2, sub_pass: 762 -> 2762
pass: 2, sub_pass: 763 -> 2763
pass: 2, sub_pass: 764 -> 2764
pass: 2, sub_pass: 765 -> 2765
pass: 2, sub_pass: 766 -> 2766
pass: 2, sub_pass: 767 -> 2767
pass: 2, sub_pass: 768 -> 2768
pass: 2, sub_pass: 769 -> 2769
pass: 2, sub_pass: 770 -> 2770
pass: 2, sub_pass: 771 -> 2771
pass: 2, sub_pass: 772 -> 2772
pass: 2, sub_pass: 773 -> 2773
pass: 2, sub_pass: 774 -> 2774
pass: 2, sub_pass: 775 -> 2775
pass: 2, sub_pass: 776 -> 2776
pass: 2, sub_pass: 777 -> 2777
pass: 2, sub_pass: 778 -> 2778
pass: 2, sub_pass: 779 -> 2779
pass: 2, sub_pass: 780 -> 2780
pass: 2, sub_pass: 781 -> 2781
pass: 2, sub_pass: 782 -> 2782
pass: 2, sub_pass: 783 -> 2783
pass: 2, sub_pass: 784 -> 2784
pass: 2, sub_pass: 785 -> 2785
pass: 2, sub_pass: 786 -> 2786
pass: 2, sub_pass: 787 -> 2787
pass: 2, sub_pass: 788 -> 2788
pass: 2, sub_pass: 789 -> 2789
pass: 2, sub_pass: 790 -> 2790
pass: 2, sub_pass: 791 -> 2791
pass: 2, sub_pass: 792 -> 2792
pass: 2, sub_pass: 793 -> 2793
pass: 2, sub_pass: 794 -> 2794
pass: 2, sub_pass: 795 -> 2795
pass: 2, sub_pass: 796 -> 2796
pass: 2, sub_pass: 797 -> 2797
pass: 2, sub_pass: 798 -> 2798
pass: 2, sub_pass: 799 -> 2799
pass: 2, sub_pass: 800 -> 2800
pass: 2, sub_pass: 801 -> 2801
pass: 2, sub_pass: 802 -> 2802
pass: 2, sub_pass: 803 -> 2803
pass: 2, sub_pass: 804 -> 2804
pass: 2, sub_pass: 805 -> 2805
pass: 2, sub_pass: 806 -> 2806
pass: 2, sub_pass: 807 -> 2807
pass: 2, sub_pass: 808 -> 2808
pass: 2, sub_pass: 809 -> 2809
pass: 2, sub_pass: 810 -> 2810
pass: 2, sub_pass: 811 -> 2811
pass: 2, sub_pass: 812 -> 2812
pass: 2, sub_pass: 813 -> 2813
pass: 2, sub_pass: 814 -> 2814
pass: 2, sub_pass: 815 -> 2815
pass: 2, sub_pass: 816 -> 2816
pass: 2, sub_pass: 817 -> 2817
pass: 2, sub_pass: 818 -> 2818
pass: 2, sub_pass: 819 -> 2819
pass: 2, sub_pass: 820 -> 2820
pass: 2, sub_pass: 821 -> 2821
pass: 2, sub_pass: 822 -> 2822
pass: 2, sub_pass: 823 -> 2823
pass: 2, sub_pass: 824 -> 2824
pass: 2, sub_pass: 825 -> 2825
pass: 2, sub_pass: 826 -> 2826
pass: 2, sub_pass: 827 -> 2827
pass: 2, sub_pass: 828 -> 2828
pass: 2, sub_pass: 829 -> 2829
pass: 2, sub_pass: 830 -> 2830
pass: 2, sub_pass: 831 -> 2831
pass: 2, sub_pass: 832 -> 2832
pass: 2, sub_pass: 833 -> 2833
pass: 2, sub_pass: 834 -> 2834
pass: 2, sub_pass: 835 -> 2835
pass: 2, sub_pass: 836 -> 2836
pass: 2, sub_pass: 837 -> 2837
pass: 2, sub_pass: 838 -> 2838
pass: 2, sub_pass: 839 -> 2839
pass: 2, sub_pass: 840 -> 2840
pass: 2, sub_pass: 841 -> 2841
pass: 2, sub_pass: 842 -> 2842
pass: 2, sub_pass: 843 -> 2843
pass: 2, sub_pass: 844 -> 2844
pass: 2, sub_pass: 845 -> 2845
pass: 2, sub_pass: 846 -> 2846
pass: 2, sub_pass: 847 -> 2847
pass: 2, sub_pass: 848 -> 2848
pass: 2, sub_pass: 849 -> 2849
pass: 2, sub_pass: 850 -> 2850
pass: 2, sub_pass: 851 -> 2851
pass: 2, sub_pass: 852 -> 2852
pass: 2, sub_pass: 853 -> 2853
pass: 2, sub_pass: 854 -> 2854
pass: 2, sub_pass: 855 -> 2855
pass: 2, sub_pass: 856 -> 2856
pass: 2, sub_pass: 857 -> 2857
pass: 2, sub_pass: 858 -> 2858
pass: 2, sub_pass: 859 -> 2859
pass: 2, sub_pass: 860 -> 2860
pass: 2, sub_pass: 861 -> 2861
pass: 2, sub_pass: 862 -> 2862
pass: 2, sub_pass: 863 -> 2863
pass: 2, sub_pass: 864 -> 2864
pass: 2, sub_pass: 865 -> 2865
pass: 2, sub_pass: 866 -> 2866
pass: 2, sub_pass: 867 -> 2867
pass: 2, sub_pass: 868 -> 2868
pass: 2, sub_pass: 869 -> 2869
pass: 2, sub_pass: 870 -> 2870
pass: 2, sub_pass: 871 -> 2871
pass: 2, sub_pass: 872 -> 2872
pass: 2, sub_pass: 873 -> 2873
pass: 2, sub_pass: 874 -> 2874
pass: 2, sub_pass: 875 -> 2875
pass: 2, sub_pass: 876 -> 2876
pass: 2, sub_pass: 877 -> 2877
pass: 2, sub_pass: 878 -> 2878
pass: 2, sub_pass: 879 -> 2879
pass: 2, sub_pass: 880 -> 2880
pass: 2, sub_pass: 881 -> 2881
pass: 2, sub_pass: 882 -> 2882
pass: 2, sub_pass: 883 -> 2883
pass: 2, sub_pass: 884 -> 2884
pass: 2, sub_pass: 885 -> 2885
pass: 2, sub_pass: 886 -> 2886
pass: 2, sub_pass: 887 -> 2887
pass: 2, sub_pass: 888 -> 2888
pass: 2, sub_pass: 889 -> 2889
pass: 2, sub_pass: 890 -> 2890
pass: 2, sub_pass: 891 -> 2891
pass: 2, sub_pass: 892 -> 2892
pass: 2, sub_pass: 893 -> 2893
pass: 2, sub_pass: 894 -> 2894
pass: 2, sub_pass: 895 -> 2895
pass: 2, sub_pass: 896 -> 2896
pass: 2, sub_pass: 897 -> 2897
pass: 2, sub_pass: 898 -> 2898
pass: 2, sub_pass: 899 -> 2899
pass: 2, sub_pass: 900 -> 2900
pass: 2, sub_pass: 901 -> 2901
pass: 2, sub_pass: 902 -> 2902
pass: 2, sub_pass: 903 -> 2903
pass: 2, sub_pass: 904 -> 2904
pass: 2, sub_pass: 905 -> 2905
pass: 2, sub_pass: 906 -> 2906
pass: 2, sub_pass: 907 -> 2907
pass: 2, sub_pass: 908 -> 2908
pass: 2, sub_pass: 909 -> 2909
pass: 2, sub_pass: 910 -> 2910
pass: 2, sub_pass: 911 -> 2911
pass: 2, sub_pass: 912 -> 2912
pass: 2, sub_pass: 913 -> 2913
pass: 2, sub_pass: 914 -> 2914
pass: 2, sub_pass: 915 -> 2915
pass: 2, sub_pass: 916 -> 2916
pass: 2, sub_pass: 917 -> 2917
pass: 2, sub_pass: 918 -> 2918
pass: 2, sub_pass: 919 -> 2919
pass: 2, sub_pass: 920 -> 2920
pass: 2, sub_pass: 921 -> 2921
pass: 2, sub_pass: 922 -> 2922
pass: 2, sub_pass: 923 -> 2923
pass: 2, sub_pass: 924 -> 2924
pass: 2, sub_pass: 925 -> 2925
pass: 2, sub_pass: 926 -> 2926
pass: 2, sub_pass: 927 -> 2927
pass: 2, sub_pass: 928 -> 2928
pass: 2, sub_pass: 929 -> 2929
pass: 2, sub_pass: 930 -> 2930
pass: 2, sub_pass: 931 -> 2931
pass: 2, sub_pass: 932 -> 2932
pass: 2, sub_pass: 933 -> 2933
pass: 2, sub_pass: 934 -> 2934
pass: 2, sub_pass: 935 -> 2935
pass: 2, sub_pass: 936 -> 2936
pass: 2, sub_pass: 937 -> 2937
pass: 2, sub_pass: 938 -> 2938
pass: 2, sub_pass: 939 -> 2939
pass: 2, sub_pass: 940 -> 2940
pass: 2, sub_pass: 941 -> 2941
pass: 2, sub_pass: 942 -> 2942
pass: 2, sub_pass: 943 -> 2943
pass: 2, sub_pass: 944 -> 2944
pass: 2, sub_pass: 945 -> 2945
pass: 2, sub_pass: 946 -> 2946
pass: 2, sub_pass: 947 -> 2947
pass: 2, sub_pass: 948 -> 2948
pass: 2, sub_pass: 949 -> 2949
pass: 2, sub_pass: 950 -> 2950
pass: 2, sub_pass: 951 -> 2951
pass: 2, sub_pass: 952 -> 2952
pass: 2, sub_pass: 953 -> 2953
pass: 2, sub_pass: 954 -> 2954
pass: 2, sub_pass: 955 -> 2955
pass: 2, sub_pass: 956 -> 2956
pass: 2, sub_pass: 957 -> 2957
pass: 2, sub_pass: 958 -> 2958
pass: 2, sub_pass: 959 -> 2959
pass: 2, sub_pass: 960 -> 2960
pass: 2, sub_pass: 961 -> 2961
pass: 2, sub_pass: 962 -> 2962
pass: 2, sub_pass: 963 -> 2963
pass: 2, sub_pass: 964 -> 2964
pass: 2, sub_pass: 965 -> 2965
pass: 2, sub_pass: 966 -> 2966
pass: 2, sub_pass: 967 -> 2967
pass: 2, sub_pass: 968 -> 2968
pass: 2, sub_pass: 969 -> 2969
pass: 2, sub_pass: 970 -> 2970
pass: 2, sub_pass: 971 -> 2971
pass: 2, sub_pass: 972 -> 2972
pass: 2, sub_pass: 973 -> 2973
pass: 2, sub_pass: 974 -> 2974
pass: 2, sub_pass: 975 -> 2975
pass: 2, sub_pass: 976 -> 2976
pass: 2, sub_pass: 977 -> 2977
pass: 2, sub_pass: 978 -> 2978
pass: 2, sub_pass: 979 -> 2979
pass: 2, sub_pass: 980 -> 2980
pass: 2, sub_pass: 981 -> 2981
pass: 2, sub_pass: 982 -> 2982
pass: 2, sub_pass: 983 -> 2983
pass: 2, sub_pass: 984 -> 2984
pass: 2, sub_pass: 985 -> 2985
pass: 2, sub_pass: 986 -> 2986
pass: 2, sub_pass: 987 -> 2987
pass: 2, sub_pass: 988 -> 2988
pass: 2, sub_pass: 989 -> 2989
pass: 2, sub_pass: 990 -> 2990
pass: 2, sub_pass: 991 -> 2991
pass: 2, sub_pass: 992 -> 2992
pass: 2, sub_pass: 993 -> 2993
pass: 2, sub_pass: 994 -> 2994
pass: 2, sub_pass: 995 -> 2995
pass: 2, sub_pass: 996 -> 2996
pass: 2, sub_pass: 997 -> 2997
pass: 2, sub_pass: 998 -> 2998
pass: 2, sub_pass: 999 -> 2999
Time: 1352.69s
Result: 0.1765 accuracy
